<?xml version="1.0" encoding="UTF-8"?>
<testsuite xmlns:xsi="http://www.w3.org/2001/XMLSchema-instance" xsi:noNamespaceSchemaLocation="https://maven.apache.org/surefire/maven-surefire-plugin/xsd/surefire-test-report-3.0.xsd" version="3.0" name="com.alugaai.backend.BackendApplicationTests" time="4.049" tests="1" errors="0" skipped="0" failures="0">
  <properties>
    <property name="java.specification.version" value="23"/>
    <property name="sun.jnu.encoding" value="UTF-8"/>
    <property name="java.class.path" value="/Users/joaoadsistemas/Documents/GitHub/JoaoRepo/alugaai/backend/target/test-classes:/Users/joaoadsistemas/Documents/GitHub/JoaoRepo/alugaai/backend/target/classes:/Users/joaoadsistemas/.m2/repository/org/springframework/boot/spring-boot-starter-data-jpa/3.3.4/spring-boot-starter-data-jpa-3.3.4.jar:/Users/joaoadsistemas/.m2/repository/org/springframework/boot/spring-boot-starter-aop/3.3.4/spring-boot-starter-aop-3.3.4.jar:/Users/joaoadsistemas/.m2/repository/org/aspectj/aspectjweaver/1.9.22.1/aspectjweaver-1.9.22.1.jar:/Users/joaoadsistemas/.m2/repository/org/springframework/boot/spring-boot-starter-jdbc/3.3.4/spring-boot-starter-jdbc-3.3.4.jar:/Users/joaoadsistemas/.m2/repository/com/zaxxer/HikariCP/5.1.0/HikariCP-5.1.0.jar:/Users/joaoadsistemas/.m2/repository/org/springframework/spring-jdbc/6.1.13/spring-jdbc-6.1.13.jar:/Users/joaoadsistemas/.m2/repository/org/hibernate/orm/hibernate-core/6.5.3.Final/hibernate-core-6.5.3.Final.jar:/Users/joaoadsistemas/.m2/repository/jakarta/persistence/jakarta.persistence-api/3.1.0/jakarta.persistence-api-3.1.0.jar:/Users/joaoadsistemas/.m2/repository/jakarta/transaction/jakarta.transaction-api/2.0.1/jakarta.transaction-api-2.0.1.jar:/Users/joaoadsistemas/.m2/repository/org/hibernate/common/hibernate-commons-annotations/6.0.6.Final/hibernate-commons-annotations-6.0.6.Final.jar:/Users/joaoadsistemas/.m2/repository/io/smallrye/jandex/3.1.2/jandex-3.1.2.jar:/Users/joaoadsistemas/.m2/repository/net/bytebuddy/byte-buddy/1.14.19/byte-buddy-1.14.19.jar:/Users/joaoadsistemas/.m2/repository/org/glassfish/jaxb/jaxb-runtime/4.0.5/jaxb-runtime-4.0.5.jar:/Users/joaoadsistemas/.m2/repository/org/glassfish/jaxb/jaxb-core/4.0.5/jaxb-core-4.0.5.jar:/Users/joaoadsistemas/.m2/repository/org/eclipse/angus/angus-activation/2.0.2/angus-activation-2.0.2.jar:/Users/joaoadsistemas/.m2/repository/org/glassfish/jaxb/txw2/4.0.5/txw2-4.0.5.jar:/Users/joaoadsistemas/.m2/repository/com/sun/istack/istack-commons-runtime/4.1.2/istack-commons-runtime-4.1.2.jar:/Users/joaoadsistemas/.m2/repository/jakarta/inject/jakarta.inject-api/2.0.1/jakarta.inject-api-2.0.1.jar:/Users/joaoadsistemas/.m2/repository/org/antlr/antlr4-runtime/4.13.0/antlr4-runtime-4.13.0.jar:/Users/joaoadsistemas/.m2/repository/org/springframework/data/spring-data-jpa/3.3.4/spring-data-jpa-3.3.4.jar:/Users/joaoadsistemas/.m2/repository/org/springframework/data/spring-data-commons/3.3.4/spring-data-commons-3.3.4.jar:/Users/joaoadsistemas/.m2/repository/org/springframework/spring-orm/6.1.13/spring-orm-6.1.13.jar:/Users/joaoadsistemas/.m2/repository/org/springframework/spring-context/6.1.13/spring-context-6.1.13.jar:/Users/joaoadsistemas/.m2/repository/org/springframework/spring-tx/6.1.13/spring-tx-6.1.13.jar:/Users/joaoadsistemas/.m2/repository/org/springframework/spring-beans/6.1.13/spring-beans-6.1.13.jar:/Users/joaoadsistemas/.m2/repository/org/slf4j/slf4j-api/2.0.16/slf4j-api-2.0.16.jar:/Users/joaoadsistemas/.m2/repository/org/springframework/spring-aspects/6.1.13/spring-aspects-6.1.13.jar:/Users/joaoadsistemas/.m2/repository/org/springframework/boot/spring-boot-starter-web/3.3.4/spring-boot-starter-web-3.3.4.jar:/Users/joaoadsistemas/.m2/repository/org/springframework/boot/spring-boot-starter/3.3.4/spring-boot-starter-3.3.4.jar:/Users/joaoadsistemas/.m2/repository/org/springframework/boot/spring-boot-starter-logging/3.3.4/spring-boot-starter-logging-3.3.4.jar:/Users/joaoadsistemas/.m2/repository/ch/qos/logback/logback-classic/1.5.8/logback-classic-1.5.8.jar:/Users/joaoadsistemas/.m2/repository/ch/qos/logback/logback-core/1.5.8/logback-core-1.5.8.jar:/Users/joaoadsistemas/.m2/repository/org/apache/logging/log4j/log4j-to-slf4j/2.23.1/log4j-to-slf4j-2.23.1.jar:/Users/joaoadsistemas/.m2/repository/org/apache/logging/log4j/log4j-api/2.23.1/log4j-api-2.23.1.jar:/Users/joaoadsistemas/.m2/repository/org/slf4j/jul-to-slf4j/2.0.16/jul-to-slf4j-2.0.16.jar:/Users/joaoadsistemas/.m2/repository/org/springframework/boot/spring-boot-starter-json/3.3.4/spring-boot-starter-json-3.3.4.jar:/Users/joaoadsistemas/.m2/repository/com/fasterxml/jackson/datatype/jackson-datatype-jdk8/2.17.2/jackson-datatype-jdk8-2.17.2.jar:/Users/joaoadsistemas/.m2/repository/com/fasterxml/jackson/datatype/jackson-datatype-jsr310/2.17.2/jackson-datatype-jsr310-2.17.2.jar:/Users/joaoadsistemas/.m2/repository/com/fasterxml/jackson/module/jackson-module-parameter-names/2.17.2/jackson-module-parameter-names-2.17.2.jar:/Users/joaoadsistemas/.m2/repository/org/springframework/boot/spring-boot-starter-tomcat/3.3.4/spring-boot-starter-tomcat-3.3.4.jar:/Users/joaoadsistemas/.m2/repository/org/apache/tomcat/embed/tomcat-embed-core/10.1.30/tomcat-embed-core-10.1.30.jar:/Users/joaoadsistemas/.m2/repository/org/apache/tomcat/embed/tomcat-embed-websocket/10.1.30/tomcat-embed-websocket-10.1.30.jar:/Users/joaoadsistemas/.m2/repository/org/springframework/spring-web/6.1.13/spring-web-6.1.13.jar:/Users/joaoadsistemas/.m2/repository/io/micrometer/micrometer-observation/1.13.4/micrometer-observation-1.13.4.jar:/Users/joaoadsistemas/.m2/repository/io/micrometer/micrometer-commons/1.13.4/micrometer-commons-1.13.4.jar:/Users/joaoadsistemas/.m2/repository/org/springframework/spring-webmvc/6.1.13/spring-webmvc-6.1.13.jar:/Users/joaoadsistemas/.m2/repository/org/springframework/spring-expression/6.1.13/spring-expression-6.1.13.jar:/Users/joaoadsistemas/.m2/repository/org/liquibase/liquibase-core/4.27.0/liquibase-core-4.27.0.jar:/Users/joaoadsistemas/.m2/repository/com/opencsv/opencsv/5.9/opencsv-5.9.jar:/Users/joaoadsistemas/.m2/repository/org/apache/commons/commons-text/1.11.0/commons-text-1.11.0.jar:/Users/joaoadsistemas/.m2/repository/org/apache/commons/commons-collections4/4.4/commons-collections4-4.4.jar:/Users/joaoadsistemas/.m2/repository/org/yaml/snakeyaml/2.2/snakeyaml-2.2.jar:/Users/joaoadsistemas/.m2/repository/javax/xml/bind/jaxb-api/2.3.1/jaxb-api-2.3.1.jar:/Users/joaoadsistemas/.m2/repository/org/apache/commons/commons-lang3/3.14.0/commons-lang3-3.14.0.jar:/Users/joaoadsistemas/.m2/repository/com/h2database/h2/2.2.224/h2-2.2.224.jar:/Users/joaoadsistemas/.m2/repository/org/jetbrains/annotations/26.0.1/annotations-26.0.1.jar:/Users/joaoadsistemas/.m2/repository/jakarta/annotation/jakarta.annotation-api/2.1.1/jakarta.annotation-api-2.1.1.jar:/Users/joaoadsistemas/.m2/repository/org/springframework/boot/spring-boot-devtools/3.3.4/spring-boot-devtools-3.3.4.jar:/Users/joaoadsistemas/.m2/repository/org/springframework/boot/spring-boot/3.3.4/spring-boot-3.3.4.jar:/Users/joaoadsistemas/.m2/repository/org/springframework/boot/spring-boot-autoconfigure/3.3.4/spring-boot-autoconfigure-3.3.4.jar:/Users/joaoadsistemas/.m2/repository/org/postgresql/postgresql/42.7.4/postgresql-42.7.4.jar:/Users/joaoadsistemas/.m2/repository/org/checkerframework/checker-qual/3.42.0/checker-qual-3.42.0.jar:/Users/joaoadsistemas/.m2/repository/org/projectlombok/lombok/1.18.34/lombok-1.18.34.jar:/Users/joaoadsistemas/.m2/repository/org/springframework/boot/spring-boot-starter-test/3.3.4/spring-boot-starter-test-3.3.4.jar:/Users/joaoadsistemas/.m2/repository/org/springframework/boot/spring-boot-test/3.3.4/spring-boot-test-3.3.4.jar:/Users/joaoadsistemas/.m2/repository/org/springframework/boot/spring-boot-test-autoconfigure/3.3.4/spring-boot-test-autoconfigure-3.3.4.jar:/Users/joaoadsistemas/.m2/repository/com/jayway/jsonpath/json-path/2.9.0/json-path-2.9.0.jar:/Users/joaoadsistemas/.m2/repository/jakarta/xml/bind/jakarta.xml.bind-api/4.0.2/jakarta.xml.bind-api-4.0.2.jar:/Users/joaoadsistemas/.m2/repository/jakarta/activation/jakarta.activation-api/2.1.3/jakarta.activation-api-2.1.3.jar:/Users/joaoadsistemas/.m2/repository/net/minidev/json-smart/2.5.1/json-smart-2.5.1.jar:/Users/joaoadsistemas/.m2/repository/net/minidev/accessors-smart/2.5.1/accessors-smart-2.5.1.jar:/Users/joaoadsistemas/.m2/repository/org/ow2/asm/asm/9.6/asm-9.6.jar:/Users/joaoadsistemas/.m2/repository/org/assertj/assertj-core/3.25.3/assertj-core-3.25.3.jar:/Users/joaoadsistemas/.m2/repository/org/awaitility/awaitility/4.2.2/awaitility-4.2.2.jar:/Users/joaoadsistemas/.m2/repository/org/hamcrest/hamcrest/2.2/hamcrest-2.2.jar:/Users/joaoadsistemas/.m2/repository/org/junit/jupiter/junit-jupiter/5.10.3/junit-jupiter-5.10.3.jar:/Users/joaoadsistemas/.m2/repository/org/junit/jupiter/junit-jupiter-api/5.10.3/junit-jupiter-api-5.10.3.jar:/Users/joaoadsistemas/.m2/repository/org/opentest4j/opentest4j/1.3.0/opentest4j-1.3.0.jar:/Users/joaoadsistemas/.m2/repository/org/junit/platform/junit-platform-commons/1.10.3/junit-platform-commons-1.10.3.jar:/Users/joaoadsistemas/.m2/repository/org/apiguardian/apiguardian-api/1.1.2/apiguardian-api-1.1.2.jar:/Users/joaoadsistemas/.m2/repository/org/junit/jupiter/junit-jupiter-params/5.10.3/junit-jupiter-params-5.10.3.jar:/Users/joaoadsistemas/.m2/repository/org/junit/jupiter/junit-jupiter-engine/5.10.3/junit-jupiter-engine-5.10.3.jar:/Users/joaoadsistemas/.m2/repository/org/junit/platform/junit-platform-engine/1.10.3/junit-platform-engine-1.10.3.jar:/Users/joaoadsistemas/.m2/repository/org/mockito/mockito-core/5.11.0/mockito-core-5.11.0.jar:/Users/joaoadsistemas/.m2/repository/net/bytebuddy/byte-buddy-agent/1.14.19/byte-buddy-agent-1.14.19.jar:/Users/joaoadsistemas/.m2/repository/org/objenesis/objenesis/3.3/objenesis-3.3.jar:/Users/joaoadsistemas/.m2/repository/org/mockito/mockito-junit-jupiter/5.11.0/mockito-junit-jupiter-5.11.0.jar:/Users/joaoadsistemas/.m2/repository/org/skyscreamer/jsonassert/1.5.3/jsonassert-1.5.3.jar:/Users/joaoadsistemas/.m2/repository/com/vaadin/external/google/android-json/0.0.20131108.vaadin1/android-json-0.0.20131108.vaadin1.jar:/Users/joaoadsistemas/.m2/repository/org/springframework/spring-core/6.1.13/spring-core-6.1.13.jar:/Users/joaoadsistemas/.m2/repository/org/springframework/spring-jcl/6.1.13/spring-jcl-6.1.13.jar:/Users/joaoadsistemas/.m2/repository/org/springframework/spring-test/6.1.13/spring-test-6.1.13.jar:/Users/joaoadsistemas/.m2/repository/org/xmlunit/xmlunit-core/2.9.1/xmlunit-core-2.9.1.jar:/Users/joaoadsistemas/.m2/repository/org/springframework/boot/spring-boot-starter-security/3.3.4/spring-boot-starter-security-3.3.4.jar:/Users/joaoadsistemas/.m2/repository/org/springframework/spring-aop/6.1.13/spring-aop-6.1.13.jar:/Users/joaoadsistemas/.m2/repository/org/springframework/security/spring-security-config/6.3.3/spring-security-config-6.3.3.jar:/Users/joaoadsistemas/.m2/repository/org/springframework/security/spring-security-core/6.3.3/spring-security-core-6.3.3.jar:/Users/joaoadsistemas/.m2/repository/org/springframework/security/spring-security-crypto/6.3.3/spring-security-crypto-6.3.3.jar:/Users/joaoadsistemas/.m2/repository/org/springframework/security/spring-security-web/6.3.3/spring-security-web-6.3.3.jar:/Users/joaoadsistemas/.m2/repository/org/hibernate/validator/hibernate-validator/8.0.0.Final/hibernate-validator-8.0.0.Final.jar:/Users/joaoadsistemas/.m2/repository/jakarta/validation/jakarta.validation-api/3.0.2/jakarta.validation-api-3.0.2.jar:/Users/joaoadsistemas/.m2/repository/org/jboss/logging/jboss-logging/3.5.3.Final/jboss-logging-3.5.3.Final.jar:/Users/joaoadsistemas/.m2/repository/com/fasterxml/classmate/1.7.0/classmate-1.7.0.jar:/Users/joaoadsistemas/.m2/repository/io/jsonwebtoken/jjwt-api/0.11.5/jjwt-api-0.11.5.jar:/Users/joaoadsistemas/.m2/repository/io/jsonwebtoken/jjwt-impl/0.11.5/jjwt-impl-0.11.5.jar:/Users/joaoadsistemas/.m2/repository/io/jsonwebtoken/jjwt-jackson/0.11.5/jjwt-jackson-0.11.5.jar:/Users/joaoadsistemas/.m2/repository/com/fasterxml/jackson/core/jackson-databind/2.17.2/jackson-databind-2.17.2.jar:/Users/joaoadsistemas/.m2/repository/com/fasterxml/jackson/core/jackson-annotations/2.17.2/jackson-annotations-2.17.2.jar:/Users/joaoadsistemas/.m2/repository/com/fasterxml/jackson/core/jackson-core/2.17.2/jackson-core-2.17.2.jar:/Users/joaoadsistemas/.m2/repository/org/springdoc/springdoc-openapi-starter-webmvc-ui/2.6.0/springdoc-openapi-starter-webmvc-ui-2.6.0.jar:/Users/joaoadsistemas/.m2/repository/org/springdoc/springdoc-openapi-starter-webmvc-api/2.6.0/springdoc-openapi-starter-webmvc-api-2.6.0.jar:/Users/joaoadsistemas/.m2/repository/org/springdoc/springdoc-openapi-starter-common/2.6.0/springdoc-openapi-starter-common-2.6.0.jar:/Users/joaoadsistemas/.m2/repository/io/swagger/core/v3/swagger-core-jakarta/2.2.22/swagger-core-jakarta-2.2.22.jar:/Users/joaoadsistemas/.m2/repository/io/swagger/core/v3/swagger-annotations-jakarta/2.2.22/swagger-annotations-jakarta-2.2.22.jar:/Users/joaoadsistemas/.m2/repository/io/swagger/core/v3/swagger-models-jakarta/2.2.22/swagger-models-jakarta-2.2.22.jar:/Users/joaoadsistemas/.m2/repository/com/fasterxml/jackson/dataformat/jackson-dataformat-yaml/2.17.2/jackson-dataformat-yaml-2.17.2.jar:/Users/joaoadsistemas/.m2/repository/org/webjars/swagger-ui/5.17.14/swagger-ui-5.17.14.jar:/Users/joaoadsistemas/.m2/repository/org/springframework/boot/spring-boot-starter-validation/3.3.4/spring-boot-starter-validation-3.3.4.jar:/Users/joaoadsistemas/.m2/repository/org/apache/tomcat/embed/tomcat-embed-el/10.1.30/tomcat-embed-el-10.1.30.jar:"/>
    <property name="java.vm.vendor" value="Homebrew"/>
    <property name="sun.arch.data.model" value="64"/>
    <property name="java.vendor.url" value="https://github.com/Homebrew/homebrew-core/issues"/>
    <property name="user.timezone" value="America/Sao_Paulo"/>
    <property name="org.jboss.logging.provider" value="slf4j"/>
    <property name="os.name" value="Mac OS X"/>
    <property name="java.vm.specification.version" value="23"/>
    <property name="sun.java.launcher" value="SUN_STANDARD"/>
    <property name="user.country" value="BR"/>
    <property name="sun.boot.library.path" value="/opt/homebrew/Cellar/openjdk/23.0.1/libexec/openjdk.jdk/Contents/Home/lib"/>
    <property name="sun.java.command" value="/Users/joaoadsistemas/Documents/GitHub/JoaoRepo/alugaai/backend/target/surefire/surefirebooter-20250521193654243_3.jar /Users/joaoadsistemas/Documents/GitHub/JoaoRepo/alugaai/backend/target/surefire 2025-05-21T19-36-54_174-jvmRun1 surefire-20250521193654243_1tmp surefire_0-20250521193654243_2tmp"/>
    <property name="http.nonProxyHosts" value="local|*.local|169.254/16|*.169.254/16"/>
    <property name="jdk.debug" value="release"/>
    <property name="surefire.test.class.path" value="/Users/joaoadsistemas/Documents/GitHub/JoaoRepo/alugaai/backend/target/test-classes:/Users/joaoadsistemas/Documents/GitHub/JoaoRepo/alugaai/backend/target/classes:/Users/joaoadsistemas/.m2/repository/org/springframework/boot/spring-boot-starter-data-jpa/3.3.4/spring-boot-starter-data-jpa-3.3.4.jar:/Users/joaoadsistemas/.m2/repository/org/springframework/boot/spring-boot-starter-aop/3.3.4/spring-boot-starter-aop-3.3.4.jar:/Users/joaoadsistemas/.m2/repository/org/aspectj/aspectjweaver/1.9.22.1/aspectjweaver-1.9.22.1.jar:/Users/joaoadsistemas/.m2/repository/org/springframework/boot/spring-boot-starter-jdbc/3.3.4/spring-boot-starter-jdbc-3.3.4.jar:/Users/joaoadsistemas/.m2/repository/com/zaxxer/HikariCP/5.1.0/HikariCP-5.1.0.jar:/Users/joaoadsistemas/.m2/repository/org/springframework/spring-jdbc/6.1.13/spring-jdbc-6.1.13.jar:/Users/joaoadsistemas/.m2/repository/org/hibernate/orm/hibernate-core/6.5.3.Final/hibernate-core-6.5.3.Final.jar:/Users/joaoadsistemas/.m2/repository/jakarta/persistence/jakarta.persistence-api/3.1.0/jakarta.persistence-api-3.1.0.jar:/Users/joaoadsistemas/.m2/repository/jakarta/transaction/jakarta.transaction-api/2.0.1/jakarta.transaction-api-2.0.1.jar:/Users/joaoadsistemas/.m2/repository/org/hibernate/common/hibernate-commons-annotations/6.0.6.Final/hibernate-commons-annotations-6.0.6.Final.jar:/Users/joaoadsistemas/.m2/repository/io/smallrye/jandex/3.1.2/jandex-3.1.2.jar:/Users/joaoadsistemas/.m2/repository/net/bytebuddy/byte-buddy/1.14.19/byte-buddy-1.14.19.jar:/Users/joaoadsistemas/.m2/repository/org/glassfish/jaxb/jaxb-runtime/4.0.5/jaxb-runtime-4.0.5.jar:/Users/joaoadsistemas/.m2/repository/org/glassfish/jaxb/jaxb-core/4.0.5/jaxb-core-4.0.5.jar:/Users/joaoadsistemas/.m2/repository/org/eclipse/angus/angus-activation/2.0.2/angus-activation-2.0.2.jar:/Users/joaoadsistemas/.m2/repository/org/glassfish/jaxb/txw2/4.0.5/txw2-4.0.5.jar:/Users/joaoadsistemas/.m2/repository/com/sun/istack/istack-commons-runtime/4.1.2/istack-commons-runtime-4.1.2.jar:/Users/joaoadsistemas/.m2/repository/jakarta/inject/jakarta.inject-api/2.0.1/jakarta.inject-api-2.0.1.jar:/Users/joaoadsistemas/.m2/repository/org/antlr/antlr4-runtime/4.13.0/antlr4-runtime-4.13.0.jar:/Users/joaoadsistemas/.m2/repository/org/springframework/data/spring-data-jpa/3.3.4/spring-data-jpa-3.3.4.jar:/Users/joaoadsistemas/.m2/repository/org/springframework/data/spring-data-commons/3.3.4/spring-data-commons-3.3.4.jar:/Users/joaoadsistemas/.m2/repository/org/springframework/spring-orm/6.1.13/spring-orm-6.1.13.jar:/Users/joaoadsistemas/.m2/repository/org/springframework/spring-context/6.1.13/spring-context-6.1.13.jar:/Users/joaoadsistemas/.m2/repository/org/springframework/spring-tx/6.1.13/spring-tx-6.1.13.jar:/Users/joaoadsistemas/.m2/repository/org/springframework/spring-beans/6.1.13/spring-beans-6.1.13.jar:/Users/joaoadsistemas/.m2/repository/org/slf4j/slf4j-api/2.0.16/slf4j-api-2.0.16.jar:/Users/joaoadsistemas/.m2/repository/org/springframework/spring-aspects/6.1.13/spring-aspects-6.1.13.jar:/Users/joaoadsistemas/.m2/repository/org/springframework/boot/spring-boot-starter-web/3.3.4/spring-boot-starter-web-3.3.4.jar:/Users/joaoadsistemas/.m2/repository/org/springframework/boot/spring-boot-starter/3.3.4/spring-boot-starter-3.3.4.jar:/Users/joaoadsistemas/.m2/repository/org/springframework/boot/spring-boot-starter-logging/3.3.4/spring-boot-starter-logging-3.3.4.jar:/Users/joaoadsistemas/.m2/repository/ch/qos/logback/logback-classic/1.5.8/logback-classic-1.5.8.jar:/Users/joaoadsistemas/.m2/repository/ch/qos/logback/logback-core/1.5.8/logback-core-1.5.8.jar:/Users/joaoadsistemas/.m2/repository/org/apache/logging/log4j/log4j-to-slf4j/2.23.1/log4j-to-slf4j-2.23.1.jar:/Users/joaoadsistemas/.m2/repository/org/apache/logging/log4j/log4j-api/2.23.1/log4j-api-2.23.1.jar:/Users/joaoadsistemas/.m2/repository/org/slf4j/jul-to-slf4j/2.0.16/jul-to-slf4j-2.0.16.jar:/Users/joaoadsistemas/.m2/repository/org/springframework/boot/spring-boot-starter-json/3.3.4/spring-boot-starter-json-3.3.4.jar:/Users/joaoadsistemas/.m2/repository/com/fasterxml/jackson/datatype/jackson-datatype-jdk8/2.17.2/jackson-datatype-jdk8-2.17.2.jar:/Users/joaoadsistemas/.m2/repository/com/fasterxml/jackson/datatype/jackson-datatype-jsr310/2.17.2/jackson-datatype-jsr310-2.17.2.jar:/Users/joaoadsistemas/.m2/repository/com/fasterxml/jackson/module/jackson-module-parameter-names/2.17.2/jackson-module-parameter-names-2.17.2.jar:/Users/joaoadsistemas/.m2/repository/org/springframework/boot/spring-boot-starter-tomcat/3.3.4/spring-boot-starter-tomcat-3.3.4.jar:/Users/joaoadsistemas/.m2/repository/org/apache/tomcat/embed/tomcat-embed-core/10.1.30/tomcat-embed-core-10.1.30.jar:/Users/joaoadsistemas/.m2/repository/org/apache/tomcat/embed/tomcat-embed-websocket/10.1.30/tomcat-embed-websocket-10.1.30.jar:/Users/joaoadsistemas/.m2/repository/org/springframework/spring-web/6.1.13/spring-web-6.1.13.jar:/Users/joaoadsistemas/.m2/repository/io/micrometer/micrometer-observation/1.13.4/micrometer-observation-1.13.4.jar:/Users/joaoadsistemas/.m2/repository/io/micrometer/micrometer-commons/1.13.4/micrometer-commons-1.13.4.jar:/Users/joaoadsistemas/.m2/repository/org/springframework/spring-webmvc/6.1.13/spring-webmvc-6.1.13.jar:/Users/joaoadsistemas/.m2/repository/org/springframework/spring-expression/6.1.13/spring-expression-6.1.13.jar:/Users/joaoadsistemas/.m2/repository/org/liquibase/liquibase-core/4.27.0/liquibase-core-4.27.0.jar:/Users/joaoadsistemas/.m2/repository/com/opencsv/opencsv/5.9/opencsv-5.9.jar:/Users/joaoadsistemas/.m2/repository/org/apache/commons/commons-text/1.11.0/commons-text-1.11.0.jar:/Users/joaoadsistemas/.m2/repository/org/apache/commons/commons-collections4/4.4/commons-collections4-4.4.jar:/Users/joaoadsistemas/.m2/repository/org/yaml/snakeyaml/2.2/snakeyaml-2.2.jar:/Users/joaoadsistemas/.m2/repository/javax/xml/bind/jaxb-api/2.3.1/jaxb-api-2.3.1.jar:/Users/joaoadsistemas/.m2/repository/org/apache/commons/commons-lang3/3.14.0/commons-lang3-3.14.0.jar:/Users/joaoadsistemas/.m2/repository/com/h2database/h2/2.2.224/h2-2.2.224.jar:/Users/joaoadsistemas/.m2/repository/org/jetbrains/annotations/26.0.1/annotations-26.0.1.jar:/Users/joaoadsistemas/.m2/repository/jakarta/annotation/jakarta.annotation-api/2.1.1/jakarta.annotation-api-2.1.1.jar:/Users/joaoadsistemas/.m2/repository/org/springframework/boot/spring-boot-devtools/3.3.4/spring-boot-devtools-3.3.4.jar:/Users/joaoadsistemas/.m2/repository/org/springframework/boot/spring-boot/3.3.4/spring-boot-3.3.4.jar:/Users/joaoadsistemas/.m2/repository/org/springframework/boot/spring-boot-autoconfigure/3.3.4/spring-boot-autoconfigure-3.3.4.jar:/Users/joaoadsistemas/.m2/repository/org/postgresql/postgresql/42.7.4/postgresql-42.7.4.jar:/Users/joaoadsistemas/.m2/repository/org/checkerframework/checker-qual/3.42.0/checker-qual-3.42.0.jar:/Users/joaoadsistemas/.m2/repository/org/projectlombok/lombok/1.18.34/lombok-1.18.34.jar:/Users/joaoadsistemas/.m2/repository/org/springframework/boot/spring-boot-starter-test/3.3.4/spring-boot-starter-test-3.3.4.jar:/Users/joaoadsistemas/.m2/repository/org/springframework/boot/spring-boot-test/3.3.4/spring-boot-test-3.3.4.jar:/Users/joaoadsistemas/.m2/repository/org/springframework/boot/spring-boot-test-autoconfigure/3.3.4/spring-boot-test-autoconfigure-3.3.4.jar:/Users/joaoadsistemas/.m2/repository/com/jayway/jsonpath/json-path/2.9.0/json-path-2.9.0.jar:/Users/joaoadsistemas/.m2/repository/jakarta/xml/bind/jakarta.xml.bind-api/4.0.2/jakarta.xml.bind-api-4.0.2.jar:/Users/joaoadsistemas/.m2/repository/jakarta/activation/jakarta.activation-api/2.1.3/jakarta.activation-api-2.1.3.jar:/Users/joaoadsistemas/.m2/repository/net/minidev/json-smart/2.5.1/json-smart-2.5.1.jar:/Users/joaoadsistemas/.m2/repository/net/minidev/accessors-smart/2.5.1/accessors-smart-2.5.1.jar:/Users/joaoadsistemas/.m2/repository/org/ow2/asm/asm/9.6/asm-9.6.jar:/Users/joaoadsistemas/.m2/repository/org/assertj/assertj-core/3.25.3/assertj-core-3.25.3.jar:/Users/joaoadsistemas/.m2/repository/org/awaitility/awaitility/4.2.2/awaitility-4.2.2.jar:/Users/joaoadsistemas/.m2/repository/org/hamcrest/hamcrest/2.2/hamcrest-2.2.jar:/Users/joaoadsistemas/.m2/repository/org/junit/jupiter/junit-jupiter/5.10.3/junit-jupiter-5.10.3.jar:/Users/joaoadsistemas/.m2/repository/org/junit/jupiter/junit-jupiter-api/5.10.3/junit-jupiter-api-5.10.3.jar:/Users/joaoadsistemas/.m2/repository/org/opentest4j/opentest4j/1.3.0/opentest4j-1.3.0.jar:/Users/joaoadsistemas/.m2/repository/org/junit/platform/junit-platform-commons/1.10.3/junit-platform-commons-1.10.3.jar:/Users/joaoadsistemas/.m2/repository/org/apiguardian/apiguardian-api/1.1.2/apiguardian-api-1.1.2.jar:/Users/joaoadsistemas/.m2/repository/org/junit/jupiter/junit-jupiter-params/5.10.3/junit-jupiter-params-5.10.3.jar:/Users/joaoadsistemas/.m2/repository/org/junit/jupiter/junit-jupiter-engine/5.10.3/junit-jupiter-engine-5.10.3.jar:/Users/joaoadsistemas/.m2/repository/org/junit/platform/junit-platform-engine/1.10.3/junit-platform-engine-1.10.3.jar:/Users/joaoadsistemas/.m2/repository/org/mockito/mockito-core/5.11.0/mockito-core-5.11.0.jar:/Users/joaoadsistemas/.m2/repository/net/bytebuddy/byte-buddy-agent/1.14.19/byte-buddy-agent-1.14.19.jar:/Users/joaoadsistemas/.m2/repository/org/objenesis/objenesis/3.3/objenesis-3.3.jar:/Users/joaoadsistemas/.m2/repository/org/mockito/mockito-junit-jupiter/5.11.0/mockito-junit-jupiter-5.11.0.jar:/Users/joaoadsistemas/.m2/repository/org/skyscreamer/jsonassert/1.5.3/jsonassert-1.5.3.jar:/Users/joaoadsistemas/.m2/repository/com/vaadin/external/google/android-json/0.0.20131108.vaadin1/android-json-0.0.20131108.vaadin1.jar:/Users/joaoadsistemas/.m2/repository/org/springframework/spring-core/6.1.13/spring-core-6.1.13.jar:/Users/joaoadsistemas/.m2/repository/org/springframework/spring-jcl/6.1.13/spring-jcl-6.1.13.jar:/Users/joaoadsistemas/.m2/repository/org/springframework/spring-test/6.1.13/spring-test-6.1.13.jar:/Users/joaoadsistemas/.m2/repository/org/xmlunit/xmlunit-core/2.9.1/xmlunit-core-2.9.1.jar:/Users/joaoadsistemas/.m2/repository/org/springframework/boot/spring-boot-starter-security/3.3.4/spring-boot-starter-security-3.3.4.jar:/Users/joaoadsistemas/.m2/repository/org/springframework/spring-aop/6.1.13/spring-aop-6.1.13.jar:/Users/joaoadsistemas/.m2/repository/org/springframework/security/spring-security-config/6.3.3/spring-security-config-6.3.3.jar:/Users/joaoadsistemas/.m2/repository/org/springframework/security/spring-security-core/6.3.3/spring-security-core-6.3.3.jar:/Users/joaoadsistemas/.m2/repository/org/springframework/security/spring-security-crypto/6.3.3/spring-security-crypto-6.3.3.jar:/Users/joaoadsistemas/.m2/repository/org/springframework/security/spring-security-web/6.3.3/spring-security-web-6.3.3.jar:/Users/joaoadsistemas/.m2/repository/org/hibernate/validator/hibernate-validator/8.0.0.Final/hibernate-validator-8.0.0.Final.jar:/Users/joaoadsistemas/.m2/repository/jakarta/validation/jakarta.validation-api/3.0.2/jakarta.validation-api-3.0.2.jar:/Users/joaoadsistemas/.m2/repository/org/jboss/logging/jboss-logging/3.5.3.Final/jboss-logging-3.5.3.Final.jar:/Users/joaoadsistemas/.m2/repository/com/fasterxml/classmate/1.7.0/classmate-1.7.0.jar:/Users/joaoadsistemas/.m2/repository/io/jsonwebtoken/jjwt-api/0.11.5/jjwt-api-0.11.5.jar:/Users/joaoadsistemas/.m2/repository/io/jsonwebtoken/jjwt-impl/0.11.5/jjwt-impl-0.11.5.jar:/Users/joaoadsistemas/.m2/repository/io/jsonwebtoken/jjwt-jackson/0.11.5/jjwt-jackson-0.11.5.jar:/Users/joaoadsistemas/.m2/repository/com/fasterxml/jackson/core/jackson-databind/2.17.2/jackson-databind-2.17.2.jar:/Users/joaoadsistemas/.m2/repository/com/fasterxml/jackson/core/jackson-annotations/2.17.2/jackson-annotations-2.17.2.jar:/Users/joaoadsistemas/.m2/repository/com/fasterxml/jackson/core/jackson-core/2.17.2/jackson-core-2.17.2.jar:/Users/joaoadsistemas/.m2/repository/org/springdoc/springdoc-openapi-starter-webmvc-ui/2.6.0/springdoc-openapi-starter-webmvc-ui-2.6.0.jar:/Users/joaoadsistemas/.m2/repository/org/springdoc/springdoc-openapi-starter-webmvc-api/2.6.0/springdoc-openapi-starter-webmvc-api-2.6.0.jar:/Users/joaoadsistemas/.m2/repository/org/springdoc/springdoc-openapi-starter-common/2.6.0/springdoc-openapi-starter-common-2.6.0.jar:/Users/joaoadsistemas/.m2/repository/io/swagger/core/v3/swagger-core-jakarta/2.2.22/swagger-core-jakarta-2.2.22.jar:/Users/joaoadsistemas/.m2/repository/io/swagger/core/v3/swagger-annotations-jakarta/2.2.22/swagger-annotations-jakarta-2.2.22.jar:/Users/joaoadsistemas/.m2/repository/io/swagger/core/v3/swagger-models-jakarta/2.2.22/swagger-models-jakarta-2.2.22.jar:/Users/joaoadsistemas/.m2/repository/com/fasterxml/jackson/dataformat/jackson-dataformat-yaml/2.17.2/jackson-dataformat-yaml-2.17.2.jar:/Users/joaoadsistemas/.m2/repository/org/webjars/swagger-ui/5.17.14/swagger-ui-5.17.14.jar:/Users/joaoadsistemas/.m2/repository/org/springframework/boot/spring-boot-starter-validation/3.3.4/spring-boot-starter-validation-3.3.4.jar:/Users/joaoadsistemas/.m2/repository/org/apache/tomcat/embed/tomcat-embed-el/10.1.30/tomcat-embed-el-10.1.30.jar:"/>
    <property name="sun.cpu.endian" value="little"/>
    <property name="user.home" value="/Users/joaoadsistemas"/>
    <property name="user.language" value="en"/>
    <property name="java.specification.vendor" value="Oracle Corporation"/>
    <property name="java.version.date" value="2024-10-15"/>
    <property name="java.home" value="/opt/homebrew/Cellar/openjdk/23.0.1/libexec/openjdk.jdk/Contents/Home"/>
    <property name="file.separator" value="/"/>
    <property name="basedir" value="/Users/joaoadsistemas/Documents/GitHub/JoaoRepo/alugaai/backend"/>
    <property name="java.vm.compressedOopsMode" value="Zero based"/>
    <property name="line.separator" value="&#10;"/>
    <property name="java.vm.specification.vendor" value="Oracle Corporation"/>
    <property name="java.specification.name" value="Java Platform API Specification"/>
    <property name="FILE_LOG_CHARSET" value="UTF-8"/>
    <property name="java.awt.headless" value="true"/>
    <property name="apple.awt.application.name" value="ForkedBooter"/>
    <property name="surefire.real.class.path" value="/Users/joaoadsistemas/Documents/GitHub/JoaoRepo/alugaai/backend/target/surefire/surefirebooter-20250521193654243_3.jar"/>
    <property name="sun.management.compiler" value="HotSpot 64-Bit Tiered Compilers"/>
    <property name="ftp.nonProxyHosts" value="local|*.local|169.254/16|*.169.254/16"/>
    <property name="java.runtime.version" value="23.0.1"/>
    <property name="user.name" value="joaoadsistemas"/>
    <property name="stdout.encoding" value="UTF-8"/>
    <property name="path.separator" value=":"/>
    <property name="os.version" value="15.3.2"/>
    <property name="java.runtime.name" value="OpenJDK Runtime Environment"/>
    <property name="file.encoding" value="UTF-8"/>
    <property name="java.vm.name" value="OpenJDK 64-Bit Server VM"/>
    <property name="java.vendor.version" value="Homebrew"/>
    <property name="localRepository" value="/Users/joaoadsistemas/.m2/repository"/>
    <property name="java.vendor.url.bug" value="https://github.com/Homebrew/homebrew-core/issues"/>
    <property name="java.io.tmpdir" value="/var/folders/pm/861bjyy17j7br8g_gtyfh4s40000gp/T/"/>
    <property name="idea.version" value="2024.3.1.1"/>
    <property name="com.zaxxer.hikari.pool_number" value="1"/>
    <property name="java.version" value="23.0.1"/>
    <property name="user.dir" value="/Users/joaoadsistemas/Documents/GitHub/JoaoRepo/alugaai/backend"/>
    <property name="os.arch" value="aarch64"/>
    <property name="java.vm.specification.name" value="Java Virtual Machine Specification"/>
    <property name="PID" value="96558"/>
    <property name="CONSOLE_LOG_CHARSET" value="UTF-8"/>
    <property name="native.encoding" value="UTF-8"/>
    <property name="java.library.path" value="/Users/joaoadsistemas/Library/Java/Extensions:/Library/Java/Extensions:/Network/Library/Java/Extensions:/System/Library/Java/Extensions:/usr/lib/java:."/>
    <property name="java.vm.info" value="mixed mode, sharing"/>
    <property name="stderr.encoding" value="UTF-8"/>
    <property name="java.vendor" value="Homebrew"/>
    <property name="java.vm.version" value="23.0.1"/>
    <property name="sun.io.unicode.encoding" value="UnicodeBig"/>
    <property name="socksNonProxyHosts" value="local|*.local|169.254/16|*.169.254/16"/>
    <property name="java.class.version" value="67.0"/>
    <property name="LOGGED_APPLICATION_NAME" value="[backend] "/>
  </properties>
  <testcase name="contextLoads" classname="com.alugaai.backend.BackendApplicationTests" time="0.327">
    <system-out><![CDATA[19:36:54.802 [main] INFO org.springframework.test.context.support.AnnotationConfigContextLoaderUtils -- Could not detect default configuration classes for test class [com.alugaai.backend.BackendApplicationTests]: BackendApplicationTests does not declare any static, non-private, non-final, nested classes annotated with @Configuration.
19:36:54.863 [main] INFO org.springframework.boot.test.context.SpringBootTestContextBootstrapper -- Found @SpringBootConfiguration com.alugaai.backend.BackendApplication for test class com.alugaai.backend.BackendApplicationTests
19:36:54.940 [main] INFO org.springframework.boot.devtools.restart.RestartApplicationListener -- Restart disabled due to context in which it is running

  .   ____          _            __ _ _
 /\\ / ___'_ __ _ _(_)_ __  __ _ \ \ \ \
( ( )\___ | '_ | '_| | '_ \/ _` | \ \ \ \
 \\/  ___)| |_)| | | | | || (_| |  ) ) ) )
  '  |____| .__|_| |_|_| |_\__, | / / / /
 =========|_|==============|___/=/_/_/_/

 :: Spring Boot ::                (v3.3.4)

2025-05-21T19:36:55.078-03:00  INFO 96558 --- [backend] [           main] c.a.backend.BackendApplicationTests      : Starting BackendApplicationTests using Java 23.0.1 with PID 96558 (started by joaoadsistemas in /Users/joaoadsistemas/Documents/GitHub/JoaoRepo/alugaai/backend)
2025-05-21T19:36:55.079-03:00  INFO 96558 --- [backend] [           main] c.a.backend.BackendApplicationTests      : No active profile set, falling back to 1 default profile: "default"
2025-05-21T19:36:55.559-03:00  INFO 96558 --- [backend] [           main] .s.d.r.c.RepositoryConfigurationDelegate : Bootstrapping Spring Data JPA repositories in DEFAULT mode.
2025-05-21T19:36:55.599-03:00  INFO 96558 --- [backend] [           main] .s.d.r.c.RepositoryConfigurationDelegate : Finished Spring Data repository scanning in 37 ms. Found 9 JPA repository interfaces.
2025-05-21T19:36:55.877-03:00 DEBUG 96558 --- [backend] [           main] liquibase.servicelocator                 : Loaded liquibase.configuration.AutoloadedConfigurations instance liquibase.GlobalConfiguration
2025-05-21T19:36:55.882-03:00 DEBUG 96558 --- [backend] [           main] liquibase.servicelocator                 : Loaded liquibase.configuration.AutoloadedConfigurations instance liquibase.integration.commandline.LiquibaseCommandLineConfiguration
2025-05-21T19:36:55.883-03:00 DEBUG 96558 --- [backend] [           main] liquibase.servicelocator                 : Loaded liquibase.configuration.AutoloadedConfigurations instance liquibase.logging.core.DefaultLoggerConfiguration
2025-05-21T19:36:55.883-03:00 DEBUG 96558 --- [backend] [           main] liquibase.servicelocator                 : Loaded liquibase.configuration.AutoloadedConfigurations instance liquibase.sql.SqlConfiguration
2025-05-21T19:36:55.884-03:00 DEBUG 96558 --- [backend] [           main] liquibase.servicelocator                 : Loaded liquibase.configuration.AutoloadedConfigurations instance liquibase.parser.ChangeLogParserConfiguration
2025-05-21T19:36:55.884-03:00 DEBUG 96558 --- [backend] [           main] liquibase.configuration                  : Found ConfigurationDefinitions in liquibase.GlobalConfiguration
2025-05-21T19:36:55.884-03:00 DEBUG 96558 --- [backend] [           main] liquibase.configuration                  : Found ConfigurationDefinitions in liquibase.integration.commandline.LiquibaseCommandLineConfiguration
2025-05-21T19:36:55.884-03:00 DEBUG 96558 --- [backend] [           main] liquibase.configuration                  : Found ConfigurationDefinitions in liquibase.logging.core.DefaultLoggerConfiguration
2025-05-21T19:36:55.884-03:00 DEBUG 96558 --- [backend] [           main] liquibase.configuration                  : Found ConfigurationDefinitions in liquibase.sql.SqlConfiguration
2025-05-21T19:36:55.884-03:00 DEBUG 96558 --- [backend] [           main] liquibase.configuration                  : Found ConfigurationDefinitions in liquibase.parser.ChangeLogParserConfiguration
2025-05-21T19:36:55.885-03:00 DEBUG 96558 --- [backend] [           main] liquibase.servicelocator                 : Loaded liquibase.configuration.ConfigurationValueProvider instance liquibase.configuration.core.DeprecatedConfigurationValueProvider
2025-05-21T19:36:55.885-03:00 DEBUG 96558 --- [backend] [           main] liquibase.servicelocator                 : Loaded liquibase.configuration.ConfigurationValueProvider instance liquibase.configuration.core.SystemPropertyValueProvider
2025-05-21T19:36:55.885-03:00 DEBUG 96558 --- [backend] [           main] liquibase.servicelocator                 : Loaded liquibase.configuration.ConfigurationValueProvider instance liquibase.configuration.core.ScopeValueProvider
2025-05-21T19:36:55.886-03:00 DEBUG 96558 --- [backend] [           main] liquibase.servicelocator                 : Loaded liquibase.configuration.ConfigurationValueProvider instance liquibase.configuration.core.EnvironmentValueProvider
2025-05-21T19:36:55.887-03:00 DEBUG 96558 --- [backend] [           main] liquibase.servicelocator                 : Loaded liquibase.logging.LogService instance liquibase.logging.core.BufferedLogService
2025-05-21T19:36:55.887-03:00 DEBUG 96558 --- [backend] [           main] liquibase.servicelocator                 : Loaded liquibase.logging.LogService instance liquibase.logging.core.CompositeLogService
2025-05-21T19:36:55.887-03:00 DEBUG 96558 --- [backend] [           main] liquibase.servicelocator                 : Loaded liquibase.logging.LogService instance liquibase.logging.core.JavaLogService
2025-05-21T19:36:55.888-03:00 DEBUG 96558 --- [backend] [           main] liquibase.servicelocator                 : Loaded liquibase.servicelocator.ServiceLocator instance liquibase.servicelocator.StandardServiceLocator
2025-05-21T19:36:55.895-03:00 DEBUG 96558 --- [backend] [           main] liquibase.configuration                  : No configuration value for liquibase.shouldRun aka should.run found
2025-05-21T19:36:55.895-03:00 DEBUG 96558 --- [backend] [           main] liquibase.configuration                  : Configuration liquibase.shouldRun is using the default value of true
2025-05-21T19:36:55.896-03:00  INFO 96558 --- [backend] [           main] com.zaxxer.hikari.HikariDataSource       : HikariPool-1 - Starting...
2025-05-21T19:36:55.957-03:00  INFO 96558 --- [backend] [           main] com.zaxxer.hikari.pool.HikariPool        : HikariPool-1 - Added connection org.postgresql.jdbc.PgConnection@5d14e99e
2025-05-21T19:36:55.958-03:00  INFO 96558 --- [backend] [           main] com.zaxxer.hikari.HikariDataSource       : HikariPool-1 - Start completed.
2025-05-21T19:36:55.962-03:00 DEBUG 96558 --- [backend] [           main] liquibase.servicelocator                 : Loaded liquibase.database.jvm.ConnectionPatterns instance liquibase.database.jvm.JdbcConnectionPatterns
2025-05-21T19:36:55.967-03:00 DEBUG 96558 --- [backend] [           main] liquibase.servicelocator                 : Loaded liquibase.database.Database instance liquibase.database.core.CockroachDatabase
2025-05-21T19:36:55.967-03:00 DEBUG 96558 --- [backend] [           main] liquibase.servicelocator                 : Loaded liquibase.database.Database instance liquibase.database.core.DB2Database
2025-05-21T19:36:55.968-03:00 DEBUG 96558 --- [backend] [           main] liquibase.servicelocator                 : Loaded liquibase.database.Database instance liquibase.database.core.Db2zDatabase
2025-05-21T19:36:55.968-03:00 DEBUG 96558 --- [backend] [           main] liquibase.servicelocator                 : Loaded liquibase.database.Database instance liquibase.database.core.DerbyDatabase
2025-05-21T19:36:55.968-03:00 DEBUG 96558 --- [backend] [           main] liquibase.servicelocator                 : Loaded liquibase.database.Database instance liquibase.database.core.EnterpriseDBDatabase
2025-05-21T19:36:55.969-03:00 DEBUG 96558 --- [backend] [           main] liquibase.servicelocator                 : Loaded liquibase.database.Database instance liquibase.database.core.FirebirdDatabase
2025-05-21T19:36:55.969-03:00 DEBUG 96558 --- [backend] [           main] liquibase.servicelocator                 : Loaded liquibase.database.Database instance liquibase.database.core.H2Database
2025-05-21T19:36:55.970-03:00 DEBUG 96558 --- [backend] [           main] liquibase.servicelocator                 : Loaded liquibase.database.Database instance liquibase.database.core.HsqlDatabase
2025-05-21T19:36:55.970-03:00 DEBUG 96558 --- [backend] [           main] liquibase.servicelocator                 : Loaded liquibase.database.Database instance liquibase.database.core.InformixDatabase
2025-05-21T19:36:55.970-03:00 DEBUG 96558 --- [backend] [           main] liquibase.servicelocator                 : Loaded liquibase.database.Database instance liquibase.database.core.Ingres9Database
2025-05-21T19:36:55.971-03:00 DEBUG 96558 --- [backend] [           main] liquibase.servicelocator                 : Loaded liquibase.database.Database instance liquibase.database.core.MSSQLDatabase
2025-05-21T19:36:55.972-03:00 DEBUG 96558 --- [backend] [           main] liquibase.servicelocator                 : Loaded liquibase.database.Database instance liquibase.database.core.MariaDBDatabase
2025-05-21T19:36:55.973-03:00 DEBUG 96558 --- [backend] [           main] liquibase.servicelocator                 : Loaded liquibase.database.Database instance liquibase.database.core.MockDatabase
2025-05-21T19:36:55.973-03:00 DEBUG 96558 --- [backend] [           main] liquibase.servicelocator                 : Loaded liquibase.database.Database instance liquibase.database.core.MySQLDatabase
2025-05-21T19:36:55.973-03:00 DEBUG 96558 --- [backend] [           main] liquibase.servicelocator                 : Loaded liquibase.database.Database instance liquibase.database.core.OracleDatabase
2025-05-21T19:36:55.973-03:00 DEBUG 96558 --- [backend] [           main] liquibase.servicelocator                 : Loaded liquibase.database.Database instance liquibase.database.core.PostgresDatabase
2025-05-21T19:36:55.974-03:00 DEBUG 96558 --- [backend] [           main] liquibase.servicelocator                 : Loaded liquibase.database.Database instance liquibase.database.core.SQLiteDatabase
2025-05-21T19:36:55.974-03:00 DEBUG 96558 --- [backend] [           main] liquibase.servicelocator                 : Loaded liquibase.database.Database instance liquibase.database.core.SybaseASADatabase
2025-05-21T19:36:55.975-03:00 DEBUG 96558 --- [backend] [           main] liquibase.servicelocator                 : Loaded liquibase.database.Database instance liquibase.database.core.SybaseDatabase
2025-05-21T19:36:55.975-03:00 DEBUG 96558 --- [backend] [           main] liquibase.servicelocator                 : Loaded liquibase.database.Database instance liquibase.database.core.UnsupportedDatabase
2025-05-21T19:36:55.975-03:00 DEBUG 96558 --- [backend] [           main] liquibase.servicelocator                 : Loaded liquibase.database.Database instance liquibase.database.core.SnowflakeDatabase
2025-05-21T19:36:55.981-03:00 DEBUG 96558 --- [backend] [           main] liquibase.database                       : Connected to postgres@jdbc:postgresql://localhost:5433/postgres
2025-05-21T19:36:55.981-03:00 DEBUG 96558 --- [backend] [           main] liquibase.database                       : Setting auto commit to false from true
2025-05-21T19:36:55.995-03:00 DEBUG 96558 --- [backend] [           main] liquibase.servicelocator                 : Loaded liquibase.executor.Executor instance liquibase.executor.jvm.JdbcExecutor
2025-05-21T19:36:55.995-03:00 DEBUG 96558 --- [backend] [           main] liquibase.servicelocator                 : Loaded liquibase.executor.Executor instance liquibase.executor.jvm.SnowflakeJdbcExecutor
2025-05-21T19:36:55.997-03:00 DEBUG 96558 --- [backend] [           main] liquibase.servicelocator                 : Loaded liquibase.sqlgenerator.SqlGenerator instance liquibase.sqlgenerator.core.AddAutoIncrementGenerator
2025-05-21T19:36:55.997-03:00 DEBUG 96558 --- [backend] [           main] liquibase.servicelocator                 : Loaded liquibase.sqlgenerator.SqlGenerator instance liquibase.sqlgenerator.core.AddAutoIncrementGeneratorDB2
2025-05-21T19:36:55.997-03:00 DEBUG 96558 --- [backend] [           main] liquibase.servicelocator                 : Loaded liquibase.sqlgenerator.SqlGenerator instance liquibase.sqlgenerator.core.AddAutoIncrementGeneratorHsqlH2
2025-05-21T19:36:55.997-03:00 DEBUG 96558 --- [backend] [           main] liquibase.servicelocator                 : Loaded liquibase.sqlgenerator.SqlGenerator instance liquibase.sqlgenerator.core.AddAutoIncrementGeneratorInformix
2025-05-21T19:36:55.998-03:00 DEBUG 96558 --- [backend] [           main] liquibase.servicelocator                 : Loaded liquibase.sqlgenerator.SqlGenerator instance liquibase.sqlgenerator.core.AddAutoIncrementGeneratorMySQL
2025-05-21T19:36:55.998-03:00 DEBUG 96558 --- [backend] [           main] liquibase.servicelocator                 : Loaded liquibase.sqlgenerator.SqlGenerator instance liquibase.sqlgenerator.core.AddAutoIncrementGeneratorSQLite
2025-05-21T19:36:55.998-03:00 DEBUG 96558 --- [backend] [           main] liquibase.servicelocator                 : Loaded liquibase.sqlgenerator.SqlGenerator instance liquibase.sqlgenerator.core.AddColumnGenerator
2025-05-21T19:36:55.999-03:00 DEBUG 96558 --- [backend] [           main] liquibase.servicelocator                 : Loaded liquibase.sqlgenerator.SqlGenerator instance liquibase.sqlgenerator.core.AddColumnGeneratorDefaultClauseBeforeNotNull
2025-05-21T19:36:55.999-03:00 DEBUG 96558 --- [backend] [           main] liquibase.servicelocator                 : Loaded liquibase.sqlgenerator.SqlGenerator instance liquibase.sqlgenerator.core.AddColumnGeneratorSQLite
2025-05-21T19:36:55.999-03:00 DEBUG 96558 --- [backend] [           main] liquibase.servicelocator                 : Loaded liquibase.sqlgenerator.SqlGenerator instance liquibase.sqlgenerator.core.AddDefaultValueGenerator
2025-05-21T19:36:55.999-03:00 DEBUG 96558 --- [backend] [           main] liquibase.servicelocator                 : Loaded liquibase.sqlgenerator.SqlGenerator instance liquibase.sqlgenerator.core.AddDefaultValueGeneratorDerby
2025-05-21T19:36:55.999-03:00 DEBUG 96558 --- [backend] [           main] liquibase.servicelocator                 : Loaded liquibase.sqlgenerator.SqlGenerator instance liquibase.sqlgenerator.core.AddDefaultValueGeneratorInformix
2025-05-21T19:36:56.000-03:00 DEBUG 96558 --- [backend] [           main] liquibase.servicelocator                 : Loaded liquibase.sqlgenerator.SqlGenerator instance liquibase.sqlgenerator.core.AddDefaultValueGeneratorMSSQL
2025-05-21T19:36:56.000-03:00 DEBUG 96558 --- [backend] [           main] liquibase.servicelocator                 : Loaded liquibase.sqlgenerator.SqlGenerator instance liquibase.sqlgenerator.core.AddDefaultValueGeneratorMySQL
2025-05-21T19:36:56.000-03:00 DEBUG 96558 --- [backend] [           main] liquibase.servicelocator                 : Loaded liquibase.sqlgenerator.SqlGenerator instance liquibase.sqlgenerator.core.AddDefaultValueGeneratorOracle
2025-05-21T19:36:56.000-03:00 DEBUG 96558 --- [backend] [           main] liquibase.servicelocator                 : Loaded liquibase.sqlgenerator.SqlGenerator instance liquibase.sqlgenerator.core.AddDefaultValueGeneratorPostgres
2025-05-21T19:36:56.000-03:00 DEBUG 96558 --- [backend] [           main] liquibase.servicelocator                 : Loaded liquibase.sqlgenerator.SqlGenerator instance liquibase.sqlgenerator.core.AddDefaultValueGeneratorSQLite
2025-05-21T19:36:56.000-03:00 DEBUG 96558 --- [backend] [           main] liquibase.servicelocator                 : Loaded liquibase.sqlgenerator.SqlGenerator instance liquibase.sqlgenerator.core.AddDefaultValueGeneratorSybase
2025-05-21T19:36:56.001-03:00 DEBUG 96558 --- [backend] [           main] liquibase.servicelocator                 : Loaded liquibase.sqlgenerator.SqlGenerator instance liquibase.sqlgenerator.core.AddDefaultValueGeneratorSybaseASA
2025-05-21T19:36:56.001-03:00 DEBUG 96558 --- [backend] [           main] liquibase.servicelocator                 : Loaded liquibase.sqlgenerator.SqlGenerator instance liquibase.sqlgenerator.core.AddForeignKeyConstraintGenerator
2025-05-21T19:36:56.001-03:00 DEBUG 96558 --- [backend] [           main] liquibase.servicelocator                 : Loaded liquibase.sqlgenerator.SqlGenerator instance liquibase.sqlgenerator.core.AddPrimaryKeyGenerator
2025-05-21T19:36:56.001-03:00 DEBUG 96558 --- [backend] [           main] liquibase.servicelocator                 : Loaded liquibase.sqlgenerator.SqlGenerator instance liquibase.sqlgenerator.core.AddPrimaryKeyGeneratorInformix
2025-05-21T19:36:56.002-03:00 DEBUG 96558 --- [backend] [           main] liquibase.servicelocator                 : Loaded liquibase.sqlgenerator.SqlGenerator instance liquibase.sqlgenerator.core.AddUniqueConstraintGenerator
2025-05-21T19:36:56.002-03:00 DEBUG 96558 --- [backend] [           main] liquibase.servicelocator                 : Loaded liquibase.sqlgenerator.SqlGenerator instance liquibase.sqlgenerator.core.AddUniqueConstraintGeneratorInformix
2025-05-21T19:36:56.002-03:00 DEBUG 96558 --- [backend] [           main] liquibase.servicelocator                 : Loaded liquibase.sqlgenerator.SqlGenerator instance liquibase.sqlgenerator.core.AddUniqueConstraintGeneratorTDS
2025-05-21T19:36:56.002-03:00 DEBUG 96558 --- [backend] [           main] liquibase.servicelocator                 : Loaded liquibase.sqlgenerator.SqlGenerator instance liquibase.sqlgenerator.core.AlterSequenceGenerator
2025-05-21T19:36:56.002-03:00 DEBUG 96558 --- [backend] [           main] liquibase.servicelocator                 : Loaded liquibase.sqlgenerator.SqlGenerator instance liquibase.sqlgenerator.core.BatchDmlExecutablePreparedStatementGenerator
2025-05-21T19:36:56.002-03:00 DEBUG 96558 --- [backend] [           main] liquibase.servicelocator                 : Loaded liquibase.sqlgenerator.SqlGenerator instance liquibase.sqlgenerator.core.ClearDatabaseChangeLogTableGenerator
2025-05-21T19:36:56.002-03:00 DEBUG 96558 --- [backend] [           main] liquibase.servicelocator                 : Loaded liquibase.sqlgenerator.SqlGenerator instance liquibase.sqlgenerator.core.CommentGenerator
2025-05-21T19:36:56.003-03:00 DEBUG 96558 --- [backend] [           main] liquibase.servicelocator                 : Loaded liquibase.sqlgenerator.SqlGenerator instance liquibase.sqlgenerator.core.CopyRowsGenerator
2025-05-21T19:36:56.003-03:00 DEBUG 96558 --- [backend] [           main] liquibase.servicelocator                 : Loaded liquibase.sqlgenerator.SqlGenerator instance liquibase.sqlgenerator.core.CreateDatabaseChangeLogLockTableGenerator
2025-05-21T19:36:56.003-03:00 DEBUG 96558 --- [backend] [           main] liquibase.servicelocator                 : Loaded liquibase.sqlgenerator.SqlGenerator instance liquibase.sqlgenerator.core.CreateDatabaseChangeLogTableGenerator
2025-05-21T19:36:56.003-03:00 DEBUG 96558 --- [backend] [           main] liquibase.servicelocator                 : Loaded liquibase.sqlgenerator.SqlGenerator instance liquibase.sqlgenerator.core.CreateDatabaseChangeLogTableGeneratorSybase
2025-05-21T19:36:56.003-03:00 DEBUG 96558 --- [backend] [           main] liquibase.servicelocator                 : Loaded liquibase.sqlgenerator.SqlGenerator instance liquibase.sqlgenerator.core.CreateIndexGenerator
2025-05-21T19:36:56.004-03:00 DEBUG 96558 --- [backend] [           main] liquibase.servicelocator                 : Loaded liquibase.sqlgenerator.SqlGenerator instance liquibase.sqlgenerator.core.CreateIndexGeneratorFirebird
2025-05-21T19:36:56.004-03:00 DEBUG 96558 --- [backend] [           main] liquibase.servicelocator                 : Loaded liquibase.sqlgenerator.SqlGenerator instance liquibase.sqlgenerator.core.CreateIndexGeneratorPostgres
2025-05-21T19:36:56.005-03:00 DEBUG 96558 --- [backend] [           main] liquibase.servicelocator                 : Loaded liquibase.sqlgenerator.SqlGenerator instance liquibase.sqlgenerator.core.CreateProcedureGenerator
2025-05-21T19:36:56.005-03:00 DEBUG 96558 --- [backend] [           main] liquibase.servicelocator                 : Loaded liquibase.sqlgenerator.SqlGenerator instance liquibase.sqlgenerator.core.CreateSequenceGenerator
2025-05-21T19:36:56.005-03:00 DEBUG 96558 --- [backend] [           main] liquibase.servicelocator                 : Loaded liquibase.sqlgenerator.SqlGenerator instance liquibase.sqlgenerator.core.CreateTableGenerator
2025-05-21T19:36:56.006-03:00 DEBUG 96558 --- [backend] [           main] liquibase.servicelocator                 : Loaded liquibase.sqlgenerator.SqlGenerator instance liquibase.sqlgenerator.core.CreateTableGeneratorInformix
2025-05-21T19:36:56.006-03:00 DEBUG 96558 --- [backend] [           main] liquibase.servicelocator                 : Loaded liquibase.sqlgenerator.SqlGenerator instance liquibase.sqlgenerator.core.CreateViewGenerator
2025-05-21T19:36:56.006-03:00 DEBUG 96558 --- [backend] [           main] liquibase.servicelocator                 : Loaded liquibase.sqlgenerator.SqlGenerator instance liquibase.sqlgenerator.core.CreateViewGeneratorInformix
2025-05-21T19:36:56.006-03:00 DEBUG 96558 --- [backend] [           main] liquibase.servicelocator                 : Loaded liquibase.sqlgenerator.SqlGenerator instance liquibase.sqlgenerator.core.DeleteGenerator
2025-05-21T19:36:56.007-03:00 DEBUG 96558 --- [backend] [           main] liquibase.servicelocator                 : Loaded liquibase.sqlgenerator.SqlGenerator instance liquibase.sqlgenerator.core.DropColumnGenerator
2025-05-21T19:36:56.007-03:00 DEBUG 96558 --- [backend] [           main] liquibase.servicelocator                 : Loaded liquibase.sqlgenerator.SqlGenerator instance liquibase.sqlgenerator.core.DropDefaultValueGenerator
2025-05-21T19:36:56.007-03:00 DEBUG 96558 --- [backend] [           main] liquibase.servicelocator                 : Loaded liquibase.sqlgenerator.SqlGenerator instance liquibase.sqlgenerator.core.DropForeignKeyConstraintGenerator
2025-05-21T19:36:56.007-03:00 DEBUG 96558 --- [backend] [           main] liquibase.servicelocator                 : Loaded liquibase.sqlgenerator.SqlGenerator instance liquibase.sqlgenerator.core.DropIndexGenerator
2025-05-21T19:36:56.007-03:00 DEBUG 96558 --- [backend] [           main] liquibase.servicelocator                 : Loaded liquibase.sqlgenerator.SqlGenerator instance liquibase.sqlgenerator.core.DropPrimaryKeyGenerator
2025-05-21T19:36:56.008-03:00 DEBUG 96558 --- [backend] [           main] liquibase.servicelocator                 : Loaded liquibase.sqlgenerator.SqlGenerator instance liquibase.sqlgenerator.core.DropProcedureGenerator
2025-05-21T19:36:56.008-03:00 DEBUG 96558 --- [backend] [           main] liquibase.servicelocator                 : Loaded liquibase.sqlgenerator.SqlGenerator instance liquibase.sqlgenerator.core.DropSequenceGenerator
2025-05-21T19:36:56.008-03:00 DEBUG 96558 --- [backend] [           main] liquibase.servicelocator                 : Loaded liquibase.sqlgenerator.SqlGenerator instance liquibase.sqlgenerator.core.DropTableGenerator
2025-05-21T19:36:56.008-03:00 DEBUG 96558 --- [backend] [           main] liquibase.servicelocator                 : Loaded liquibase.sqlgenerator.SqlGenerator instance liquibase.sqlgenerator.core.DropUniqueConstraintGenerator
2025-05-21T19:36:56.008-03:00 DEBUG 96558 --- [backend] [           main] liquibase.servicelocator                 : Loaded liquibase.sqlgenerator.SqlGenerator instance liquibase.sqlgenerator.core.DropViewGenerator
2025-05-21T19:36:56.008-03:00 DEBUG 96558 --- [backend] [           main] liquibase.servicelocator                 : Loaded liquibase.sqlgenerator.SqlGenerator instance liquibase.sqlgenerator.core.GetNextChangeSetSequenceValueGenerator
2025-05-21T19:36:56.008-03:00 DEBUG 96558 --- [backend] [           main] liquibase.servicelocator                 : Loaded liquibase.sqlgenerator.SqlGenerator instance liquibase.sqlgenerator.core.GetViewDefinitionGenerator
2025-05-21T19:36:56.009-03:00 DEBUG 96558 --- [backend] [           main] liquibase.servicelocator                 : Loaded liquibase.sqlgenerator.SqlGenerator instance liquibase.sqlgenerator.core.GetViewDefinitionGeneratorDB2
2025-05-21T19:36:56.009-03:00 DEBUG 96558 --- [backend] [           main] liquibase.servicelocator                 : Loaded liquibase.sqlgenerator.SqlGenerator instance liquibase.sqlgenerator.core.GetViewDefinitionGeneratorDerby
2025-05-21T19:36:56.009-03:00 DEBUG 96558 --- [backend] [           main] liquibase.servicelocator                 : Loaded liquibase.sqlgenerator.SqlGenerator instance liquibase.sqlgenerator.core.GetViewDefinitionGeneratorFirebird
2025-05-21T19:36:56.009-03:00 DEBUG 96558 --- [backend] [           main] liquibase.servicelocator                 : Loaded liquibase.sqlgenerator.SqlGenerator instance liquibase.sqlgenerator.core.GetViewDefinitionGeneratorHsql
2025-05-21T19:36:56.009-03:00 DEBUG 96558 --- [backend] [           main] liquibase.servicelocator                 : Loaded liquibase.sqlgenerator.SqlGenerator instance liquibase.sqlgenerator.core.GetViewDefinitionGeneratorInformix
2025-05-21T19:36:56.009-03:00 DEBUG 96558 --- [backend] [           main] liquibase.servicelocator                 : Loaded liquibase.sqlgenerator.SqlGenerator instance liquibase.sqlgenerator.core.GetViewDefinitionGeneratorMSSQL
2025-05-21T19:36:56.009-03:00 DEBUG 96558 --- [backend] [           main] liquibase.servicelocator                 : Loaded liquibase.sqlgenerator.SqlGenerator instance liquibase.sqlgenerator.core.GetViewDefinitionGeneratorOracle
2025-05-21T19:36:56.009-03:00 DEBUG 96558 --- [backend] [           main] liquibase.servicelocator                 : Loaded liquibase.sqlgenerator.SqlGenerator instance liquibase.sqlgenerator.core.GetViewDefinitionGeneratorPostgres
2025-05-21T19:36:56.009-03:00 DEBUG 96558 --- [backend] [           main] liquibase.servicelocator                 : Loaded liquibase.sqlgenerator.SqlGenerator instance liquibase.sqlgenerator.core.GetViewDefinitionGeneratorSybase
2025-05-21T19:36:56.010-03:00 DEBUG 96558 --- [backend] [           main] liquibase.servicelocator                 : Loaded liquibase.sqlgenerator.SqlGenerator instance liquibase.sqlgenerator.core.GetViewDefinitionGeneratorSybaseASA
2025-05-21T19:36:56.010-03:00 DEBUG 96558 --- [backend] [           main] liquibase.servicelocator                 : Loaded liquibase.sqlgenerator.SqlGenerator instance liquibase.sqlgenerator.core.InitializeDatabaseChangeLogLockTableGenerator
2025-05-21T19:36:56.010-03:00 DEBUG 96558 --- [backend] [           main] liquibase.servicelocator                 : Loaded liquibase.sqlgenerator.SqlGenerator instance liquibase.sqlgenerator.core.InsertDataChangeGenerator
2025-05-21T19:36:56.010-03:00 DEBUG 96558 --- [backend] [           main] liquibase.servicelocator                 : Loaded liquibase.sqlgenerator.SqlGenerator instance liquibase.sqlgenerator.core.InsertGenerator
2025-05-21T19:36:56.010-03:00 DEBUG 96558 --- [backend] [           main] liquibase.servicelocator                 : Loaded liquibase.sqlgenerator.SqlGenerator instance liquibase.sqlgenerator.core.InsertOrUpdateGeneratorDB2
2025-05-21T19:36:56.011-03:00 DEBUG 96558 --- [backend] [           main] liquibase.servicelocator                 : Loaded liquibase.sqlgenerator.SqlGenerator instance liquibase.sqlgenerator.core.InsertOrUpdateGeneratorH2
2025-05-21T19:36:56.011-03:00 DEBUG 96558 --- [backend] [           main] liquibase.servicelocator                 : Loaded liquibase.sqlgenerator.SqlGenerator instance liquibase.sqlgenerator.core.InsertOrUpdateGeneratorHsql
2025-05-21T19:36:56.011-03:00 DEBUG 96558 --- [backend] [           main] liquibase.servicelocator                 : Loaded liquibase.sqlgenerator.SqlGenerator instance liquibase.sqlgenerator.core.InsertOrUpdateGeneratorInformix
2025-05-21T19:36:56.011-03:00 DEBUG 96558 --- [backend] [           main] liquibase.servicelocator                 : Loaded liquibase.sqlgenerator.SqlGenerator instance liquibase.sqlgenerator.core.InsertOrUpdateGeneratorMSSQL
2025-05-21T19:36:56.011-03:00 DEBUG 96558 --- [backend] [           main] liquibase.servicelocator                 : Loaded liquibase.sqlgenerator.SqlGenerator instance liquibase.sqlgenerator.core.InsertOrUpdateGeneratorMySQL
2025-05-21T19:36:56.011-03:00 DEBUG 96558 --- [backend] [           main] liquibase.servicelocator                 : Loaded liquibase.sqlgenerator.SqlGenerator instance liquibase.sqlgenerator.core.InsertOrUpdateGeneratorOracle
2025-05-21T19:36:56.011-03:00 DEBUG 96558 --- [backend] [           main] liquibase.servicelocator                 : Loaded liquibase.sqlgenerator.SqlGenerator instance liquibase.sqlgenerator.core.InsertOrUpdateGeneratorPostgres
2025-05-21T19:36:56.012-03:00 DEBUG 96558 --- [backend] [           main] liquibase.servicelocator                 : Loaded liquibase.sqlgenerator.SqlGenerator instance liquibase.sqlgenerator.core.InsertOrUpdateGeneratorSQLite
2025-05-21T19:36:56.012-03:00 DEBUG 96558 --- [backend] [           main] liquibase.servicelocator                 : Loaded liquibase.sqlgenerator.SqlGenerator instance liquibase.sqlgenerator.core.InsertOrUpdateGeneratorSybaseASA
2025-05-21T19:36:56.012-03:00 DEBUG 96558 --- [backend] [           main] liquibase.servicelocator                 : Loaded liquibase.sqlgenerator.SqlGenerator instance liquibase.sqlgenerator.core.InsertSetGenerator
2025-05-21T19:36:56.020-03:00 DEBUG 96558 --- [backend] [           main] liquibase.servicelocator                 : Loaded liquibase.sqlgenerator.SqlGenerator instance liquibase.sqlgenerator.core.LockDatabaseChangeLogGenerator
2025-05-21T19:36:56.020-03:00 DEBUG 96558 --- [backend] [           main] liquibase.servicelocator                 : Loaded liquibase.sqlgenerator.SqlGenerator instance liquibase.sqlgenerator.core.MarkChangeSetRanGenerator
2025-05-21T19:36:56.021-03:00 DEBUG 96558 --- [backend] [           main] liquibase.servicelocator                 : Loaded liquibase.sqlgenerator.SqlGenerator instance liquibase.sqlgenerator.core.ModifyDataTypeGenerator
2025-05-21T19:36:56.021-03:00 DEBUG 96558 --- [backend] [           main] liquibase.servicelocator                 : Loaded liquibase.sqlgenerator.SqlGenerator instance liquibase.sqlgenerator.core.RawParameterizedSqlGenerator
2025-05-21T19:36:56.021-03:00 DEBUG 96558 --- [backend] [           main] liquibase.servicelocator                 : Loaded liquibase.sqlgenerator.SqlGenerator instance liquibase.sqlgenerator.core.RawSqlGenerator
2025-05-21T19:36:56.021-03:00 DEBUG 96558 --- [backend] [           main] liquibase.servicelocator                 : Loaded liquibase.sqlgenerator.SqlGenerator instance liquibase.sqlgenerator.core.ReindexGeneratorSQLite
2025-05-21T19:36:56.021-03:00 DEBUG 96558 --- [backend] [           main] liquibase.servicelocator                 : Loaded liquibase.sqlgenerator.SqlGenerator instance liquibase.sqlgenerator.core.RemoveChangeSetRanStatusGenerator
2025-05-21T19:36:56.021-03:00 DEBUG 96558 --- [backend] [           main] liquibase.servicelocator                 : Loaded liquibase.sqlgenerator.SqlGenerator instance liquibase.sqlgenerator.core.RenameColumnGenerator
2025-05-21T19:36:56.022-03:00 DEBUG 96558 --- [backend] [           main] liquibase.servicelocator                 : Loaded liquibase.sqlgenerator.SqlGenerator instance liquibase.sqlgenerator.core.RenameSequenceGenerator
2025-05-21T19:36:56.022-03:00 DEBUG 96558 --- [backend] [           main] liquibase.servicelocator                 : Loaded liquibase.sqlgenerator.SqlGenerator instance liquibase.sqlgenerator.core.RenameTableGenerator
2025-05-21T19:36:56.022-03:00 DEBUG 96558 --- [backend] [           main] liquibase.servicelocator                 : Loaded liquibase.sqlgenerator.SqlGenerator instance liquibase.sqlgenerator.core.RenameViewGenerator
2025-05-21T19:36:56.022-03:00 DEBUG 96558 --- [backend] [           main] liquibase.servicelocator                 : Loaded liquibase.sqlgenerator.SqlGenerator instance liquibase.sqlgenerator.core.ReorganizeTableGeneratorDB2
2025-05-21T19:36:56.022-03:00 DEBUG 96558 --- [backend] [           main] liquibase.servicelocator                 : Loaded liquibase.sqlgenerator.SqlGenerator instance liquibase.sqlgenerator.core.RuntimeGenerator
2025-05-21T19:36:56.023-03:00 DEBUG 96558 --- [backend] [           main] liquibase.servicelocator                 : Loaded liquibase.sqlgenerator.SqlGenerator instance liquibase.sqlgenerator.core.SelectFromDatabaseChangeLogGenerator
2025-05-21T19:36:56.023-03:00 DEBUG 96558 --- [backend] [           main] liquibase.servicelocator                 : Loaded liquibase.sqlgenerator.SqlGenerator instance liquibase.sqlgenerator.core.SelectFromDatabaseChangeLogLockGenerator
2025-05-21T19:36:56.023-03:00 DEBUG 96558 --- [backend] [           main] liquibase.servicelocator                 : Loaded liquibase.sqlgenerator.SqlGenerator instance liquibase.sqlgenerator.core.SetColumnRemarksGenerator
2025-05-21T19:36:56.024-03:00 DEBUG 96558 --- [backend] [           main] liquibase.servicelocator                 : Loaded liquibase.sqlgenerator.SqlGenerator instance liquibase.sqlgenerator.core.SetNullableGenerator
2025-05-21T19:36:56.024-03:00 DEBUG 96558 --- [backend] [           main] liquibase.servicelocator                 : Loaded liquibase.sqlgenerator.SqlGenerator instance liquibase.sqlgenerator.core.SetTableRemarksGenerator
2025-05-21T19:36:56.024-03:00 DEBUG 96558 --- [backend] [           main] liquibase.servicelocator                 : Loaded liquibase.sqlgenerator.SqlGenerator instance liquibase.sqlgenerator.core.SetViewRemarksGenerator
2025-05-21T19:36:56.024-03:00 DEBUG 96558 --- [backend] [           main] liquibase.servicelocator                 : Loaded liquibase.sqlgenerator.SqlGenerator instance liquibase.sqlgenerator.core.StoredProcedureGenerator
2025-05-21T19:36:56.024-03:00 DEBUG 96558 --- [backend] [           main] liquibase.servicelocator                 : Loaded liquibase.sqlgenerator.SqlGenerator instance liquibase.sqlgenerator.core.TableIsEmptyGenerator
2025-05-21T19:36:56.024-03:00 DEBUG 96558 --- [backend] [           main] liquibase.servicelocator                 : Loaded liquibase.sqlgenerator.SqlGenerator instance liquibase.sqlgenerator.core.TableRowCountGenerator
2025-05-21T19:36:56.024-03:00 DEBUG 96558 --- [backend] [           main] liquibase.servicelocator                 : Loaded liquibase.sqlgenerator.SqlGenerator instance liquibase.sqlgenerator.core.TagDatabaseGenerator
2025-05-21T19:36:56.025-03:00 DEBUG 96558 --- [backend] [           main] liquibase.servicelocator                 : Loaded liquibase.sqlgenerator.SqlGenerator instance liquibase.sqlgenerator.core.UnlockDatabaseChangeLogGenerator
2025-05-21T19:36:56.025-03:00 DEBUG 96558 --- [backend] [           main] liquibase.servicelocator                 : Loaded liquibase.sqlgenerator.SqlGenerator instance liquibase.sqlgenerator.core.UpdateChangeSetChecksumGenerator
2025-05-21T19:36:56.025-03:00 DEBUG 96558 --- [backend] [           main] liquibase.servicelocator                 : Loaded liquibase.sqlgenerator.SqlGenerator instance liquibase.sqlgenerator.core.UpdateDataChangeGenerator
2025-05-21T19:36:56.025-03:00 DEBUG 96558 --- [backend] [           main] liquibase.servicelocator                 : Loaded liquibase.sqlgenerator.SqlGenerator instance liquibase.sqlgenerator.core.UpdateGenerator
2025-05-21T19:36:56.025-03:00 DEBUG 96558 --- [backend] [           main] liquibase.servicelocator                 : Loaded liquibase.sqlgenerator.SqlGenerator instance liquibase.sqlgenerator.core.CreateSequenceGeneratorSnowflake
2025-05-21T19:36:56.025-03:00 DEBUG 96558 --- [backend] [           main] liquibase.servicelocator                 : Loaded liquibase.sqlgenerator.SqlGenerator instance liquibase.sqlgenerator.core.DropDefaultValueGeneratorSnowflake
2025-05-21T19:36:56.025-03:00 DEBUG 96558 --- [backend] [           main] liquibase.servicelocator                 : Loaded liquibase.sqlgenerator.SqlGenerator instance liquibase.sqlgenerator.core.DropProcedureGeneratorSnowflake
2025-05-21T19:36:56.026-03:00 DEBUG 96558 --- [backend] [           main] liquibase.servicelocator                 : Loaded liquibase.sqlgenerator.SqlGenerator instance liquibase.sqlgenerator.core.InsertOrUpdateGeneratorSnowflake
2025-05-21T19:36:56.026-03:00 DEBUG 96558 --- [backend] [           main] liquibase.servicelocator                 : Loaded liquibase.sqlgenerator.SqlGenerator instance liquibase.sqlgenerator.core.RenameTableGeneratorSnowflake
2025-05-21T19:36:56.026-03:00 DEBUG 96558 --- [backend] [           main] liquibase.servicelocator                 : Loaded liquibase.sqlgenerator.SqlGenerator instance liquibase.sqlgenerator.core.RenameViewGeneratorSnowflake
2025-05-21T19:36:56.026-03:00 DEBUG 96558 --- [backend] [           main] liquibase.servicelocator                 : Loaded liquibase.sqlgenerator.SqlGenerator instance liquibase.sqlgenerator.core.SetColumnRemarksGeneratorSnowflake
2025-05-21T19:36:56.026-03:00 DEBUG 96558 --- [backend] [           main] liquibase.servicelocator                 : Loaded liquibase.sqlgenerator.SqlGenerator instance liquibase.sqlgenerator.core.SetTableRemarksGeneratorSnowflake
2025-05-21T19:36:56.026-03:00 DEBUG 96558 --- [backend] [           main] liquibase.servicelocator                 : Loaded liquibase.sqlgenerator.SqlGenerator instance liquibase.sqlgenerator.core.GetViewDefinitionGeneratorSnowflake
2025-05-21T19:36:56.039-03:00  INFO 96558 --- [backend] [           main] liquibase.database                       : Set default schema name to public
2025-05-21T19:36:56.040-03:00 DEBUG 96558 --- [backend] [           main] liquibase.configuration                  : No configuration value for liquibase.liquibaseSchemaName aka liquibase.schemaName found
2025-05-21T19:36:56.041-03:00 DEBUG 96558 --- [backend] [           main] liquibase.configuration                  : No configuration value for liquibase.supportPropertyEscaping aka enableEscaping found
2025-05-21T19:36:56.041-03:00 DEBUG 96558 --- [backend] [           main] liquibase.configuration                  : Configuration liquibase.supportPropertyEscaping is using the default value of false
2025-05-21T19:36:56.047-03:00 DEBUG 96558 --- [backend] [           main] liquibase.servicelocator                 : Loaded liquibase.command.CommandStep instance liquibase.command.core.CalculateChecksumCommandStep
2025-05-21T19:36:56.047-03:00 DEBUG 96558 --- [backend] [           main] liquibase.servicelocator                 : Loaded liquibase.command.CommandStep instance liquibase.command.core.ChangelogSyncCommandStep
2025-05-21T19:36:56.047-03:00 DEBUG 96558 --- [backend] [           main] liquibase.servicelocator                 : Loaded liquibase.command.CommandStep instance liquibase.command.core.ChangelogSyncSqlCommandStep
2025-05-21T19:36:56.047-03:00 DEBUG 96558 --- [backend] [           main] liquibase.servicelocator                 : Loaded liquibase.command.CommandStep instance liquibase.command.core.ChangelogSyncToTagCommandStep
2025-05-21T19:36:56.047-03:00 DEBUG 96558 --- [backend] [           main] liquibase.servicelocator                 : Loaded liquibase.command.CommandStep instance liquibase.command.core.ChangelogSyncToTagSqlCommandStep
2025-05-21T19:36:56.048-03:00 DEBUG 96558 --- [backend] [           main] liquibase.servicelocator                 : Loaded liquibase.command.CommandStep instance liquibase.command.core.ClearChecksumsCommandStep
2025-05-21T19:36:56.048-03:00 DEBUG 96558 --- [backend] [           main] liquibase.servicelocator                 : Loaded liquibase.command.CommandStep instance liquibase.command.core.DbDocCommandStep
2025-05-21T19:36:56.051-03:00 DEBUG 96558 --- [backend] [           main] liquibase.servicelocator                 : Loaded liquibase.change.Change instance liquibase.change.core.AddAutoIncrementChange
2025-05-21T19:36:56.051-03:00 DEBUG 96558 --- [backend] [           main] liquibase.servicelocator                 : Loaded liquibase.change.Change instance liquibase.change.core.AddColumnChange
2025-05-21T19:36:56.052-03:00 DEBUG 96558 --- [backend] [           main] liquibase.servicelocator                 : Loaded liquibase.change.Change instance liquibase.change.core.AddDefaultValueChange
2025-05-21T19:36:56.052-03:00 DEBUG 96558 --- [backend] [           main] liquibase.servicelocator                 : Loaded liquibase.change.Change instance liquibase.change.core.AddForeignKeyConstraintChange
2025-05-21T19:36:56.052-03:00 DEBUG 96558 --- [backend] [           main] liquibase.servicelocator                 : Loaded liquibase.change.Change instance liquibase.change.core.AddLookupTableChange
2025-05-21T19:36:56.053-03:00 DEBUG 96558 --- [backend] [           main] liquibase.servicelocator                 : Loaded liquibase.change.Change instance liquibase.change.core.AddNotNullConstraintChange
2025-05-21T19:36:56.053-03:00 DEBUG 96558 --- [backend] [           main] liquibase.servicelocator                 : Loaded liquibase.change.Change instance liquibase.change.core.AddPrimaryKeyChange
2025-05-21T19:36:56.053-03:00 DEBUG 96558 --- [backend] [           main] liquibase.servicelocator                 : Loaded liquibase.change.Change instance liquibase.change.core.AddUniqueConstraintChange
2025-05-21T19:36:56.054-03:00 DEBUG 96558 --- [backend] [           main] liquibase.servicelocator                 : Loaded liquibase.change.Change instance liquibase.change.core.AlterSequenceChange
2025-05-21T19:36:56.054-03:00 DEBUG 96558 --- [backend] [           main] liquibase.servicelocator                 : Loaded liquibase.change.Change instance liquibase.change.core.CreateIndexChange
2025-05-21T19:36:56.055-03:00 DEBUG 96558 --- [backend] [           main] liquibase.servicelocator                 : Loaded liquibase.change.Change instance liquibase.change.core.CreateProcedureChange
2025-05-21T19:36:56.055-03:00 DEBUG 96558 --- [backend] [           main] liquibase.servicelocator                 : Loaded liquibase.change.Change instance liquibase.change.core.CreateSequenceChange
2025-05-21T19:36:56.055-03:00 DEBUG 96558 --- [backend] [           main] liquibase.servicelocator                 : Loaded liquibase.change.Change instance liquibase.change.core.CreateTableChange
2025-05-21T19:36:56.056-03:00 DEBUG 96558 --- [backend] [           main] liquibase.servicelocator                 : Loaded liquibase.change.Change instance liquibase.change.core.CreateViewChange
2025-05-21T19:36:56.056-03:00 DEBUG 96558 --- [backend] [           main] liquibase.servicelocator                 : Loaded liquibase.change.Change instance liquibase.change.core.DeleteDataChange
2025-05-21T19:36:56.056-03:00 DEBUG 96558 --- [backend] [           main] liquibase.servicelocator                 : Loaded liquibase.change.Change instance liquibase.change.core.DropAllForeignKeyConstraintsChange
2025-05-21T19:36:56.056-03:00 DEBUG 96558 --- [backend] [           main] liquibase.servicelocator                 : Loaded liquibase.change.Change instance liquibase.change.core.DropColumnChange
2025-05-21T19:36:56.056-03:00 DEBUG 96558 --- [backend] [           main] liquibase.servicelocator                 : Loaded liquibase.change.Change instance liquibase.change.core.DropDefaultValueChange
2025-05-21T19:36:56.057-03:00 DEBUG 96558 --- [backend] [           main] liquibase.servicelocator                 : Loaded liquibase.change.Change instance liquibase.change.core.DropForeignKeyConstraintChange
2025-05-21T19:36:56.057-03:00 DEBUG 96558 --- [backend] [           main] liquibase.servicelocator                 : Loaded liquibase.change.Change instance liquibase.change.core.DropIndexChange
2025-05-21T19:36:56.057-03:00 DEBUG 96558 --- [backend] [           main] liquibase.servicelocator                 : Loaded liquibase.change.Change instance liquibase.change.core.DropNotNullConstraintChange
2025-05-21T19:36:56.057-03:00 DEBUG 96558 --- [backend] [           main] liquibase.servicelocator                 : Loaded liquibase.change.Change instance liquibase.change.core.DropPrimaryKeyChange
2025-05-21T19:36:56.057-03:00 DEBUG 96558 --- [backend] [           main] liquibase.servicelocator                 : Loaded liquibase.change.Change instance liquibase.change.core.DropProcedureChange
2025-05-21T19:36:56.057-03:00 DEBUG 96558 --- [backend] [           main] liquibase.servicelocator                 : Loaded liquibase.change.Change instance liquibase.change.core.DropSequenceChange
2025-05-21T19:36:56.057-03:00 DEBUG 96558 --- [backend] [           main] liquibase.servicelocator                 : Loaded liquibase.change.Change instance liquibase.change.core.DropTableChange
2025-05-21T19:36:56.058-03:00 DEBUG 96558 --- [backend] [           main] liquibase.servicelocator                 : Loaded liquibase.change.Change instance liquibase.change.core.DropUniqueConstraintChange
2025-05-21T19:36:56.058-03:00 DEBUG 96558 --- [backend] [           main] liquibase.servicelocator                 : Loaded liquibase.change.Change instance liquibase.change.core.DropViewChange
2025-05-21T19:36:56.058-03:00 DEBUG 96558 --- [backend] [           main] liquibase.servicelocator                 : Loaded liquibase.change.Change instance liquibase.change.core.EmptyChange
2025-05-21T19:36:56.058-03:00 DEBUG 96558 --- [backend] [           main] liquibase.servicelocator                 : Loaded liquibase.change.Change instance liquibase.change.core.ExecuteShellCommandChange
2025-05-21T19:36:56.058-03:00 DEBUG 96558 --- [backend] [           main] liquibase.servicelocator                 : Loaded liquibase.change.Change instance liquibase.change.core.InsertDataChange
2025-05-21T19:36:56.061-03:00 DEBUG 96558 --- [backend] [           main] liquibase.servicelocator                 : Loaded liquibase.change.Change instance liquibase.change.core.LoadDataChange
2025-05-21T19:36:56.061-03:00 DEBUG 96558 --- [backend] [           main] liquibase.servicelocator                 : Loaded liquibase.change.Change instance liquibase.change.core.LoadUpdateDataChange
2025-05-21T19:36:56.061-03:00 DEBUG 96558 --- [backend] [           main] liquibase.servicelocator                 : Loaded liquibase.change.Change instance liquibase.change.core.MergeColumnChange
2025-05-21T19:36:56.062-03:00 DEBUG 96558 --- [backend] [           main] liquibase.servicelocator                 : Loaded liquibase.change.Change instance liquibase.change.core.ModifyDataTypeChange
2025-05-21T19:36:56.062-03:00 DEBUG 96558 --- [backend] [           main] liquibase.servicelocator                 : Loaded liquibase.change.Change instance liquibase.change.core.OutputChange
2025-05-21T19:36:56.062-03:00 DEBUG 96558 --- [backend] [           main] liquibase.servicelocator                 : Loaded liquibase.change.Change instance liquibase.change.core.RawSQLChange
2025-05-21T19:36:56.063-03:00 DEBUG 96558 --- [backend] [           main] liquibase.servicelocator                 : Loaded liquibase.change.Change instance liquibase.change.core.RenameColumnChange
2025-05-21T19:36:56.063-03:00 DEBUG 96558 --- [backend] [           main] liquibase.servicelocator                 : Loaded liquibase.change.Change instance liquibase.change.core.RenameSequenceChange
2025-05-21T19:36:56.063-03:00 DEBUG 96558 --- [backend] [           main] liquibase.servicelocator                 : Loaded liquibase.change.Change instance liquibase.change.core.RenameTableChange
2025-05-21T19:36:56.063-03:00 DEBUG 96558 --- [backend] [           main] liquibase.servicelocator                 : Loaded liquibase.change.Change instance liquibase.change.core.RenameViewChange
2025-05-21T19:36:56.063-03:00 DEBUG 96558 --- [backend] [           main] liquibase.servicelocator                 : Loaded liquibase.change.Change instance liquibase.change.core.SQLFileChange
2025-05-21T19:36:56.063-03:00 DEBUG 96558 --- [backend] [           main] liquibase.servicelocator                 : Loaded liquibase.change.Change instance liquibase.change.core.SetColumnRemarksChange
2025-05-21T19:36:56.064-03:00 DEBUG 96558 --- [backend] [           main] liquibase.servicelocator                 : Loaded liquibase.change.Change instance liquibase.change.core.SetTableRemarksChange
2025-05-21T19:36:56.064-03:00 DEBUG 96558 --- [backend] [           main] liquibase.servicelocator                 : Loaded liquibase.change.Change instance liquibase.change.core.StopChange
2025-05-21T19:36:56.064-03:00 DEBUG 96558 --- [backend] [           main] liquibase.servicelocator                 : Loaded liquibase.change.Change instance liquibase.change.core.TagDatabaseChange
2025-05-21T19:36:56.064-03:00 DEBUG 96558 --- [backend] [           main] liquibase.servicelocator                 : Loaded liquibase.change.Change instance liquibase.change.core.UpdateDataChange
2025-05-21T19:36:56.065-03:00 DEBUG 96558 --- [backend] [           main] liquibase.servicelocator                 : Loaded liquibase.change.Change instance liquibase.change.custom.CustomChangeWrapper
2025-05-21T19:36:56.111-03:00 DEBUG 96558 --- [backend] [           main] liquibase.servicelocator                 : Loaded liquibase.command.CommandStep instance liquibase.command.core.DiffChangelogCommandStep
2025-05-21T19:36:56.112-03:00 DEBUG 96558 --- [backend] [           main] liquibase.servicelocator                 : Loaded liquibase.command.CommandStep instance liquibase.command.core.DiffCommandStep
2025-05-21T19:36:56.113-03:00 DEBUG 96558 --- [backend] [           main] liquibase.servicelocator                 : Loaded liquibase.command.CommandStep instance liquibase.command.core.DropAllCommandStep
2025-05-21T19:36:56.113-03:00 DEBUG 96558 --- [backend] [           main] liquibase.servicelocator                 : Loaded liquibase.command.CommandStep instance liquibase.command.core.ExecuteSqlCommandStep
2025-05-21T19:36:56.118-03:00 DEBUG 96558 --- [backend] [           main] liquibase.servicelocator                 : Loaded liquibase.command.CommandStep instance liquibase.command.core.FutureRollbackCountSqlCommandStep
2025-05-21T19:36:56.118-03:00 DEBUG 96558 --- [backend] [           main] liquibase.servicelocator                 : Loaded liquibase.command.CommandStep instance liquibase.command.core.FutureRollbackFromTagSqlCommandStep
2025-05-21T19:36:56.118-03:00 DEBUG 96558 --- [backend] [           main] liquibase.servicelocator                 : Loaded liquibase.command.CommandStep instance liquibase.command.core.FutureRollbackSqlCommandStep
2025-05-21T19:36:56.119-03:00 DEBUG 96558 --- [backend] [           main] liquibase.servicelocator                 : Loaded liquibase.command.CommandStep instance liquibase.command.core.GenerateChangelogCommandStep
2025-05-21T19:36:56.120-03:00 DEBUG 96558 --- [backend] [           main] liquibase.servicelocator                 : Loaded liquibase.command.CommandStep instance liquibase.command.core.HistoryCommandStep
2025-05-21T19:36:56.121-03:00 DEBUG 96558 --- [backend] [           main] liquibase.servicelocator                 : Loaded liquibase.command.CommandStep instance liquibase.command.core.InternalHistoryCommandStep
2025-05-21T19:36:56.121-03:00 DEBUG 96558 --- [backend] [           main] liquibase.servicelocator                 : Loaded liquibase.command.CommandStep instance liquibase.command.core.InternalSnapshotCommandStep
2025-05-21T19:36:56.122-03:00 DEBUG 96558 --- [backend] [           main] liquibase.servicelocator                 : Loaded liquibase.command.CommandStep instance liquibase.command.core.ListLocksCommandStep
2025-05-21T19:36:56.122-03:00 DEBUG 96558 --- [backend] [           main] liquibase.servicelocator                 : Loaded liquibase.command.CommandStep instance liquibase.command.core.MarkNextChangesetRanCommandStep
2025-05-21T19:36:56.122-03:00 DEBUG 96558 --- [backend] [           main] liquibase.servicelocator                 : Loaded liquibase.command.CommandStep instance liquibase.command.core.MarkNextChangesetRanSqlCommandStep
2025-05-21T19:36:56.122-03:00 DEBUG 96558 --- [backend] [           main] liquibase.servicelocator                 : Loaded liquibase.command.CommandStep instance liquibase.command.core.ReleaseLocksCommandStep
2025-05-21T19:36:56.123-03:00 DEBUG 96558 --- [backend] [           main] liquibase.servicelocator                 : Loaded liquibase.command.CommandStep instance liquibase.command.core.RollbackCommandStep
2025-05-21T19:36:56.123-03:00 DEBUG 96558 --- [backend] [           main] liquibase.servicelocator                 : Loaded liquibase.command.CommandStep instance liquibase.command.core.RollbackCountCommandStep
2025-05-21T19:36:56.123-03:00 DEBUG 96558 --- [backend] [           main] liquibase.servicelocator                 : Loaded liquibase.command.CommandStep instance liquibase.command.core.RollbackCountSqlCommandStep
2025-05-21T19:36:56.124-03:00 DEBUG 96558 --- [backend] [           main] liquibase.servicelocator                 : Loaded liquibase.command.CommandStep instance liquibase.command.core.RollbackSqlCommandStep
2025-05-21T19:36:56.124-03:00 DEBUG 96558 --- [backend] [           main] liquibase.servicelocator                 : Loaded liquibase.command.CommandStep instance liquibase.command.core.RollbackToDateCommandStep
2025-05-21T19:36:56.124-03:00 DEBUG 96558 --- [backend] [           main] liquibase.servicelocator                 : Loaded liquibase.command.CommandStep instance liquibase.command.core.RollbackToDateSqlCommandStep
2025-05-21T19:36:56.124-03:00 DEBUG 96558 --- [backend] [           main] liquibase.servicelocator                 : Loaded liquibase.command.CommandStep instance liquibase.command.core.SnapshotCommandStep
2025-05-21T19:36:56.124-03:00 DEBUG 96558 --- [backend] [           main] liquibase.servicelocator                 : Loaded liquibase.command.CommandStep instance liquibase.command.core.SnapshotReferenceCommandStep
2025-05-21T19:36:56.125-03:00 DEBUG 96558 --- [backend] [           main] liquibase.servicelocator                 : Loaded liquibase.command.CommandStep instance liquibase.command.core.StartH2CommandStep
2025-05-21T19:36:56.125-03:00 DEBUG 96558 --- [backend] [           main] liquibase.servicelocator                 : Loaded liquibase.command.CommandStep instance liquibase.command.core.StatusCommandStep
2025-05-21T19:36:56.125-03:00 DEBUG 96558 --- [backend] [           main] liquibase.servicelocator                 : Loaded liquibase.command.CommandStep instance liquibase.command.core.TagCommandStep
2025-05-21T19:36:56.126-03:00 DEBUG 96558 --- [backend] [           main] liquibase.servicelocator                 : Loaded liquibase.command.CommandStep instance liquibase.command.core.TagExistsCommandStep
2025-05-21T19:36:56.126-03:00 DEBUG 96558 --- [backend] [           main] liquibase.servicelocator                 : Loaded liquibase.command.CommandStep instance liquibase.command.core.UnexpectedChangesetsCommandStep
2025-05-21T19:36:56.126-03:00 DEBUG 96558 --- [backend] [           main] liquibase.servicelocator                 : Loaded liquibase.command.CommandStep instance liquibase.command.core.UpdateCommandStep
2025-05-21T19:36:56.126-03:00 DEBUG 96558 --- [backend] [           main] liquibase.servicelocator                 : Loaded liquibase.command.CommandStep instance liquibase.command.core.UpdateCountCommandStep
2025-05-21T19:36:56.126-03:00 DEBUG 96558 --- [backend] [           main] liquibase.servicelocator                 : Loaded liquibase.command.CommandStep instance liquibase.command.core.UpdateCountSqlCommandStep
2025-05-21T19:36:56.127-03:00 DEBUG 96558 --- [backend] [           main] liquibase.servicelocator                 : Loaded liquibase.command.CommandStep instance liquibase.command.core.UpdateSqlCommandStep
2025-05-21T19:36:56.127-03:00 DEBUG 96558 --- [backend] [           main] liquibase.servicelocator                 : Loaded liquibase.command.CommandStep instance liquibase.command.core.UpdateTestingRollbackCommandStep
2025-05-21T19:36:56.127-03:00 DEBUG 96558 --- [backend] [           main] liquibase.servicelocator                 : Loaded liquibase.command.CommandStep instance liquibase.command.core.UpdateToTagCommandStep
2025-05-21T19:36:56.127-03:00 DEBUG 96558 --- [backend] [           main] liquibase.servicelocator                 : Loaded liquibase.command.CommandStep instance liquibase.command.core.UpdateToTagSqlCommandStep
2025-05-21T19:36:56.127-03:00 DEBUG 96558 --- [backend] [           main] liquibase.servicelocator                 : Loaded liquibase.command.CommandStep instance liquibase.command.core.ValidateCommandStep
2025-05-21T19:36:56.128-03:00 DEBUG 96558 --- [backend] [           main] liquibase.servicelocator                 : Loaded liquibase.command.CommandStep instance liquibase.command.core.helpers.ChangeExecListenerCommandStep
2025-05-21T19:36:56.128-03:00 DEBUG 96558 --- [backend] [           main] liquibase.servicelocator                 : Loaded liquibase.command.CommandStep instance liquibase.command.core.helpers.DatabaseChangelogCommandStep
2025-05-21T19:36:56.128-03:00 DEBUG 96558 --- [backend] [           main] liquibase.servicelocator                 : Loaded liquibase.command.CommandStep instance liquibase.command.core.helpers.DbUrlConnectionArgumentsCommandStep
2025-05-21T19:36:56.129-03:00 DEBUG 96558 --- [backend] [           main] liquibase.servicelocator                 : Loaded liquibase.command.CommandStep instance liquibase.command.core.helpers.DbUrlConnectionCommandStep
2025-05-21T19:36:56.130-03:00 DEBUG 96558 --- [backend] [           main] liquibase.servicelocator                 : Loaded liquibase.command.CommandStep instance liquibase.command.core.helpers.DiffOutputControlCommandStep
2025-05-21T19:36:56.130-03:00 DEBUG 96558 --- [backend] [           main] liquibase.servicelocator                 : Loaded liquibase.command.CommandStep instance liquibase.command.core.helpers.LockServiceCommandStep
2025-05-21T19:36:56.130-03:00 DEBUG 96558 --- [backend] [           main] liquibase.servicelocator                 : Loaded liquibase.command.CommandStep instance liquibase.command.core.helpers.OutputWriterCommandStep
2025-05-21T19:36:56.131-03:00 DEBUG 96558 --- [backend] [           main] liquibase.servicelocator                 : Loaded liquibase.command.CommandStep instance liquibase.command.core.helpers.PreCompareCommandStep
2025-05-21T19:36:56.131-03:00 DEBUG 96558 --- [backend] [           main] liquibase.servicelocator                 : Loaded liquibase.command.CommandStep instance liquibase.command.core.helpers.ReferenceDatabaseOutputWriterCommandStep
2025-05-21T19:36:56.131-03:00 DEBUG 96558 --- [backend] [           main] liquibase.servicelocator                 : Loaded liquibase.command.CommandStep instance liquibase.command.core.helpers.ReferenceDbUrlConnectionCommandStep
2025-05-21T19:36:56.132-03:00 DEBUG 96558 --- [backend] [           main] liquibase.servicelocator                 : Loaded liquibase.command.CommandStep instance liquibase.command.core.helpers.ShowSummaryArgument
2025-05-21T19:36:56.135-03:00 DEBUG 96558 --- [backend] [           main] liquibase.servicelocator                 : Loaded liquibase.logging.mdc.MdcManager instance liquibase.logging.mdc.NoOpMdcManager
2025-05-21T19:36:56.136-03:00 DEBUG 96558 --- [backend] [           main] liquibase.configuration                  : No configuration value for liquibase.strict found
2025-05-21T19:36:56.136-03:00 DEBUG 96558 --- [backend] [           main] liquibase.configuration                  : Configuration liquibase.strict is using the default value of false
2025-05-21T19:36:56.141-03:00 DEBUG 96558 --- [backend] [           main] liquibase.configuration                  : No configuration value for liquibase.command.update.changeExecListener found
2025-05-21T19:36:56.142-03:00 DEBUG 96558 --- [backend] [           main] liquibase.configuration                  : No configuration value for liquibase.command.changeExecListener found
2025-05-21T19:36:56.143-03:00 DEBUG 96558 --- [backend] [           main] liquibase.configuration                  : No configuration value for liquibase.command.update.changeExecListenerClass found
2025-05-21T19:36:56.143-03:00 DEBUG 96558 --- [backend] [           main] liquibase.configuration                  : No configuration value for liquibase.command.changeExecListenerClass found
2025-05-21T19:36:56.144-03:00 DEBUG 96558 --- [backend] [           main] liquibase.configuration                  : No configuration value for liquibase.command.update.changeExecListenerPropertiesFile found
2025-05-21T19:36:56.144-03:00 DEBUG 96558 --- [backend] [           main] liquibase.configuration                  : No configuration value for liquibase.command.changeExecListenerPropertiesFile found
2025-05-21T19:36:56.145-03:00 DEBUG 96558 --- [backend] [           main] liquibase.configuration                  : Found 'liquibase.command.update.changelogFile' configuration of 'classpath:db/changelog/db.changelog-master.yaml'
    command argument 'changelogFile' of 'classpath:db/changelog/db.changelog-master.yaml'
2025-05-21T19:36:56.145-03:00 DEBUG 96558 --- [backend] [           main] liquibase.configuration                  : Found 'liquibase.command.update.changelogParameters' configuration of 'liquibase.changelog.ChangeLogParameters@6f2d3391'
    command argument 'changelogParameters' of 'liquibase.changelog.ChangeLogParameters@6f2d3391'
2025-05-21T19:36:56.146-03:00 DEBUG 96558 --- [backend] [           main] liquibase.configuration                  : No configuration value for liquibase.command.update.contextFilter aka liquibase.command.update.contexts found
2025-05-21T19:36:56.146-03:00 DEBUG 96558 --- [backend] [           main] liquibase.configuration                  : No configuration value for liquibase.command.contextFilter aka liquibase.command.contexts found
2025-05-21T19:36:56.147-03:00 DEBUG 96558 --- [backend] [           main] liquibase.configuration                  : Found 'liquibase.command.update.database' configuration of 'postgres @ jdbc:postgresql://localhost:5433/postgres (Default Schema: public)'
    command argument 'database' of 'postgres @ jdbc:postgresql://localhost:5433/postgres (Default Schema: public)'
2025-05-21T19:36:56.147-03:00 DEBUG 96558 --- [backend] [           main] liquibase.configuration                  : No configuration value for liquibase.command.update.databaseChangelog found
2025-05-21T19:36:56.148-03:00 DEBUG 96558 --- [backend] [           main] liquibase.configuration                  : No configuration value for liquibase.command.databaseChangelog found
2025-05-21T19:36:56.148-03:00 DEBUG 96558 --- [backend] [           main] liquibase.configuration                  : No configuration value for liquibase.command.update.defaultCatalogName found
2025-05-21T19:36:56.148-03:00 DEBUG 96558 --- [backend] [           main] liquibase.configuration                  : No configuration value for liquibase.command.defaultCatalogName found
2025-05-21T19:36:56.148-03:00 DEBUG 96558 --- [backend] [           main] liquibase.configuration                  : No configuration value for liquibase.command.update.defaultSchemaName found
2025-05-21T19:36:56.149-03:00 DEBUG 96558 --- [backend] [           main] liquibase.configuration                  : No configuration value for liquibase.command.defaultSchemaName found
2025-05-21T19:36:56.150-03:00 DEBUG 96558 --- [backend] [           main] liquibase.configuration                  : No configuration value for liquibase.command.update.driver found
2025-05-21T19:36:56.150-03:00 DEBUG 96558 --- [backend] [           main] liquibase.configuration                  : No configuration value for liquibase.command.driver found
2025-05-21T19:36:56.151-03:00 DEBUG 96558 --- [backend] [           main] liquibase.configuration                  : No configuration value for liquibase.command.update.driverPropertiesFile found
2025-05-21T19:36:56.151-03:00 DEBUG 96558 --- [backend] [           main] liquibase.configuration                  : No configuration value for liquibase.command.driverPropertiesFile found
2025-05-21T19:36:56.151-03:00 DEBUG 96558 --- [backend] [           main] liquibase.configuration                  : No configuration value for liquibase.command.update.labelFilter aka liquibase.command.update.labels found
2025-05-21T19:36:56.152-03:00 DEBUG 96558 --- [backend] [           main] liquibase.configuration                  : No configuration value for liquibase.command.labelFilter aka liquibase.command.labels found
2025-05-21T19:36:56.152-03:00 DEBUG 96558 --- [backend] [           main] liquibase.configuration                  : No configuration value for liquibase.command.update.password found
2025-05-21T19:36:56.153-03:00 DEBUG 96558 --- [backend] [           main] liquibase.configuration                  : No configuration value for liquibase.command.password found
2025-05-21T19:36:56.153-03:00 DEBUG 96558 --- [backend] [           main] liquibase.configuration                  : No configuration value for liquibase.command.update.showSummary found
2025-05-21T19:36:56.153-03:00 DEBUG 96558 --- [backend] [           main] liquibase.configuration                  : Configuration liquibase.command.update.showSummary is using the default value of SUMMARY
2025-05-21T19:36:56.153-03:00 DEBUG 96558 --- [backend] [           main] liquibase.configuration                  : No configuration value for liquibase.command.showSummary found
2025-05-21T19:36:56.153-03:00 DEBUG 96558 --- [backend] [           main] liquibase.configuration                  : Configuration liquibase.command.showSummary is using the default value of SUMMARY
2025-05-21T19:36:56.154-03:00 DEBUG 96558 --- [backend] [           main] liquibase.configuration                  : Found 'liquibase.command.update.showSummaryOutput' configuration of 'LOG'
    command argument 'showSummaryOutput' of 'LOG'
2025-05-21T19:36:56.154-03:00 DEBUG 96558 --- [backend] [           main] liquibase.configuration                  : No configuration value for liquibase.command.update.skipDatabaseStep found
2025-05-21T19:36:56.154-03:00 DEBUG 96558 --- [backend] [           main] liquibase.configuration                  : Configuration liquibase.command.update.skipDatabaseStep is using the default value of false
2025-05-21T19:36:56.154-03:00 DEBUG 96558 --- [backend] [           main] liquibase.configuration                  : No configuration value for liquibase.command.skipDatabaseStep found
2025-05-21T19:36:56.154-03:00 DEBUG 96558 --- [backend] [           main] liquibase.configuration                  : Configuration liquibase.command.skipDatabaseStep is using the default value of false
2025-05-21T19:36:56.155-03:00 DEBUG 96558 --- [backend] [           main] liquibase.configuration                  : No configuration value for liquibase.command.update.updateNullChecksums found
2025-05-21T19:36:56.155-03:00 DEBUG 96558 --- [backend] [           main] liquibase.configuration                  : Configuration liquibase.command.update.updateNullChecksums is using the default value of false
2025-05-21T19:36:56.155-03:00 DEBUG 96558 --- [backend] [           main] liquibase.configuration                  : No configuration value for liquibase.command.updateNullChecksums found
2025-05-21T19:36:56.155-03:00 DEBUG 96558 --- [backend] [           main] liquibase.configuration                  : Configuration liquibase.command.updateNullChecksums is using the default value of false
2025-05-21T19:36:56.155-03:00 DEBUG 96558 --- [backend] [           main] liquibase.configuration                  : No configuration value for liquibase.command.update.url found
2025-05-21T19:36:56.155-03:00 DEBUG 96558 --- [backend] [           main] liquibase.configuration                  : No configuration value for liquibase.command.url found
2025-05-21T19:36:56.156-03:00 DEBUG 96558 --- [backend] [           main] liquibase.configuration                  : No configuration value for liquibase.command.update.username found
2025-05-21T19:36:56.156-03:00 DEBUG 96558 --- [backend] [           main] liquibase.configuration                  : No configuration value for liquibase.command.username found
2025-05-21T19:36:56.156-03:00 DEBUG 96558 --- [backend] [           main] liquibase.command                        : Pipeline for command 'update: liquibase.command.core.helpers.DbUrlConnectionArgumentsCommandStep then liquibase.command.core.helpers.ShowSummaryArgument then liquibase.command.core.helpers.DbUrlConnectionCommandStep then liquibase.command.core.helpers.DatabaseChangelogCommandStep then liquibase.command.core.helpers.ChangeExecListenerCommandStep then liquibase.command.core.UpdateCommandStep
2025-05-21T19:36:56.157-03:00 DEBUG 96558 --- [backend] [           main] liquibase.configuration                  : No configuration value for liquibase.outputFile found
2025-05-21T19:36:56.157-03:00 DEBUG 96558 --- [backend] [           main] liquibase.configuration                  : No configuration value for liquibase.outputFileEncoding found
2025-05-21T19:36:56.157-03:00 DEBUG 96558 --- [backend] [           main] liquibase.configuration                  : Configuration liquibase.outputFileEncoding is using the default value of UTF-8
2025-05-21T19:36:56.157-03:00 DEBUG 96558 --- [backend] [           main] liquibase.command                        : Writing output with encoding 'UTF-8'
2025-05-21T19:36:56.157-03:00 DEBUG 96558 --- [backend] [           main] liquibase.command                        : Executing internal command dbUrlConnectionArguments
2025-05-21T19:36:56.157-03:00 DEBUG 96558 --- [backend] [           main] liquibase.command                        : Executing internal command showSummary
2025-05-21T19:36:56.157-03:00 DEBUG 96558 --- [backend] [           main] liquibase.configuration                  : Configuration liquibase.command.update.showSummary is using the default value of SUMMARY
2025-05-21T19:36:56.157-03:00 DEBUG 96558 --- [backend] [           main] liquibase.configuration                  : Configuration liquibase.command.showSummary is using the default value of SUMMARY
2025-05-21T19:36:56.157-03:00 DEBUG 96558 --- [backend] [           main] liquibase.command                        : Executing internal command dbUrlConnectionCommandStep
2025-05-21T19:36:56.158-03:00 DEBUG 96558 --- [backend] [           main] liquibase.configuration                  : Configuration liquibase.command.update.skipDatabaseStep is using the default value of false
2025-05-21T19:36:56.158-03:00 DEBUG 96558 --- [backend] [           main] liquibase.configuration                  : Configuration liquibase.command.skipDatabaseStep is using the default value of false
2025-05-21T19:36:56.158-03:00 DEBUG 96558 --- [backend] [           main] liquibase.command                        : Executing internal command changelogCommandStep
2025-05-21T19:36:56.162-03:00 DEBUG 96558 --- [backend] [           main] liquibase.servicelocator                 : Loaded liquibase.parser.ChangeLogParser instance liquibase.parser.core.formattedsql.FormattedSqlChangeLogParser
2025-05-21T19:36:56.163-03:00 DEBUG 96558 --- [backend] [           main] liquibase.servicelocator                 : Loaded liquibase.parser.ChangeLogParser instance liquibase.parser.core.json.JsonChangeLogParser
2025-05-21T19:36:56.163-03:00 DEBUG 96558 --- [backend] [           main] liquibase.servicelocator                 : Loaded liquibase.parser.ChangeLogParser instance liquibase.parser.core.sql.SqlChangeLogParser
2025-05-21T19:36:56.165-03:00 DEBUG 96558 --- [backend] [           main] liquibase.configuration                  : No configuration value for liquibase.validateXmlChangelogFiles found
2025-05-21T19:36:56.166-03:00 DEBUG 96558 --- [backend] [           main] liquibase.configuration                  : Configuration liquibase.validateXmlChangelogFiles is using the default value of true
2025-05-21T19:36:56.166-03:00 DEBUG 96558 --- [backend] [           main] liquibase.configuration                  : No configuration value for liquibase.secureParsing found
2025-05-21T19:36:56.166-03:00 DEBUG 96558 --- [backend] [           main] liquibase.configuration                  : Configuration liquibase.secureParsing is using the default value of true
2025-05-21T19:36:56.166-03:00 DEBUG 96558 --- [backend] [           main] liquibase.servicelocator                 : Loaded liquibase.parser.ChangeLogParser instance liquibase.parser.core.xml.XMLChangeLogSAXParser
2025-05-21T19:36:56.166-03:00 DEBUG 96558 --- [backend] [           main] liquibase.servicelocator                 : Loaded liquibase.parser.ChangeLogParser instance liquibase.parser.core.yaml.YamlChangeLogParser
2025-05-21T19:36:56.166-03:00 DEBUG 96558 --- [backend] [           main] liquibase.parser                         : Matched file 'classpath:db/changelog/db.changelog-master.yaml' to parser 'YamlChangeLogParser'
2025-05-21T19:36:56.172-03:00 DEBUG 96558 --- [backend] [           main] liquibase.parser                         : Matched file 'db/changelog/changes/001-create-tables.yaml' to parser 'YamlChangeLogParser'
2025-05-21T19:36:56.188-03:00 DEBUG 96558 --- [backend] [           main] liquibase.servicelocator                 : Loaded liquibase.changeset.ChangeSetService instance liquibase.changeset.StandardChangeSetService
2025-05-21T19:36:56.194-03:00 DEBUG 96558 --- [backend] [           main] liquibase.parser                         : Matched file 'db/changelog/changes/002-update-student-connections.yaml' to parser 'YamlChangeLogParser'
2025-05-21T19:36:56.199-03:00 DEBUG 96558 --- [backend] [           main] liquibase.configuration                  : Found 'liquibase.command.update.updateNullChecksums' configuration of 'true'
    command argument 'updateNullChecksums' of 'true'
2025-05-21T19:36:56.201-03:00 DEBUG 96558 --- [backend] [           main] liquibase.servicelocator                 : Loaded liquibase.changelog.ChangeLogHistoryService instance liquibase.changelog.MockChangeLogHistoryService
2025-05-21T19:36:56.202-03:00 DEBUG 96558 --- [backend] [           main] liquibase.servicelocator                 : Loaded liquibase.changelog.ChangeLogHistoryService instance liquibase.changelog.StandardChangeLogHistoryService
2025-05-21T19:36:56.204-03:00 DEBUG 96558 --- [backend] [           main] liquibase.servicelocator                 : Loaded liquibase.snapshot.SnapshotGenerator instance liquibase.snapshot.jvm.CatalogSnapshotGenerator
2025-05-21T19:36:56.206-03:00 DEBUG 96558 --- [backend] [           main] liquibase.servicelocator                 : Loaded liquibase.snapshot.SnapshotGenerator instance liquibase.snapshot.jvm.ColumnSnapshotGenerator
2025-05-21T19:36:56.206-03:00 DEBUG 96558 --- [backend] [           main] liquibase.servicelocator                 : Loaded liquibase.snapshot.SnapshotGenerator instance liquibase.snapshot.jvm.ColumnSnapshotGeneratorH2
2025-05-21T19:36:56.206-03:00 DEBUG 96558 --- [backend] [           main] liquibase.servicelocator                 : Loaded liquibase.snapshot.SnapshotGenerator instance liquibase.snapshot.jvm.ColumnSnapshotGeneratorInformix
2025-05-21T19:36:56.206-03:00 DEBUG 96558 --- [backend] [           main] liquibase.servicelocator                 : Loaded liquibase.snapshot.SnapshotGenerator instance liquibase.snapshot.jvm.ColumnSnapshotGeneratorOracle
2025-05-21T19:36:56.206-03:00 DEBUG 96558 --- [backend] [           main] liquibase.servicelocator                 : Loaded liquibase.snapshot.SnapshotGenerator instance liquibase.snapshot.jvm.DataSnapshotGenerator
2025-05-21T19:36:56.207-03:00 DEBUG 96558 --- [backend] [           main] liquibase.servicelocator                 : Loaded liquibase.snapshot.SnapshotGenerator instance liquibase.snapshot.jvm.ForeignKeySnapshotGenerator
2025-05-21T19:36:56.208-03:00 DEBUG 96558 --- [backend] [           main] liquibase.servicelocator                 : Loaded liquibase.snapshot.SnapshotGenerator instance liquibase.snapshot.jvm.IndexSnapshotGenerator
2025-05-21T19:36:56.208-03:00 DEBUG 96558 --- [backend] [           main] liquibase.servicelocator                 : Loaded liquibase.snapshot.SnapshotGenerator instance liquibase.snapshot.jvm.PrimaryKeySnapshotGenerator
2025-05-21T19:36:56.208-03:00 DEBUG 96558 --- [backend] [           main] liquibase.servicelocator                 : Loaded liquibase.snapshot.SnapshotGenerator instance liquibase.snapshot.jvm.SchemaSnapshotGenerator
2025-05-21T19:36:56.209-03:00 DEBUG 96558 --- [backend] [           main] liquibase.servicelocator                 : Loaded liquibase.snapshot.SnapshotGenerator instance liquibase.snapshot.jvm.SequenceSnapshotGenerator
2025-05-21T19:36:56.209-03:00 DEBUG 96558 --- [backend] [           main] liquibase.servicelocator                 : Loaded liquibase.snapshot.SnapshotGenerator instance liquibase.snapshot.jvm.TableSnapshotGenerator
2025-05-21T19:36:56.209-03:00 DEBUG 96558 --- [backend] [           main] liquibase.servicelocator                 : Loaded liquibase.snapshot.SnapshotGenerator instance liquibase.snapshot.jvm.UniqueConstraintSnapshotGenerator
2025-05-21T19:36:56.210-03:00 DEBUG 96558 --- [backend] [           main] liquibase.servicelocator                 : Loaded liquibase.snapshot.SnapshotGenerator instance liquibase.snapshot.jvm.ViewSnapshotGenerator
2025-05-21T19:36:56.210-03:00 DEBUG 96558 --- [backend] [           main] liquibase.servicelocator                 : Loaded liquibase.snapshot.SnapshotGenerator instance liquibase.snapshot.jvm.SchemaSnapshotGeneratorSnowflake
2025-05-21T19:36:56.210-03:00 DEBUG 96558 --- [backend] [           main] liquibase.servicelocator                 : Loaded liquibase.snapshot.SnapshotGenerator instance liquibase.snapshot.jvm.SequenceSnapshotGeneratorSnowflake
2025-05-21T19:36:56.210-03:00 DEBUG 96558 --- [backend] [           main] liquibase.servicelocator                 : Loaded liquibase.snapshot.SnapshotGenerator instance liquibase.snapshot.jvm.UniqueConstraintSnapshotGeneratorSnowflake
2025-05-21T19:36:56.211-03:00 DEBUG 96558 --- [backend] [           main] liquibase.configuration                  : No configuration value for liquibase.liquibaseCatalogName aka liquibase.catalogName found
2025-05-21T19:36:56.213-03:00 DEBUG 96558 --- [backend] [           main] liquibase.util                           : Computed checksum for 1747867016212 as bbdba0dbf08528a0a1cc3b6caf14bab6
2025-05-21T19:36:56.215-03:00 DEBUG 96558 --- [backend] [           main] liquibase.configuration                  : No configuration value for liquibase.preserveSchemaCase found
2025-05-21T19:36:56.215-03:00 DEBUG 96558 --- [backend] [           main] liquibase.configuration                  : Configuration liquibase.preserveSchemaCase is using the default value of false
2025-05-21T19:36:56.227-03:00 DEBUG 96558 --- [backend] [           main] liquibase.servicelocator                 : Loaded liquibase.database.LiquibaseTableNames instance liquibase.database.StandardLiquibaseTableNames
2025-05-21T19:36:56.239-03:00 DEBUG 96558 --- [backend] [           main] liquibase.servicelocator                 : Loaded liquibase.diff.compare.DatabaseObjectComparator instance liquibase.diff.compare.core.CatalogComparator
2025-05-21T19:36:56.239-03:00 DEBUG 96558 --- [backend] [           main] liquibase.servicelocator                 : Loaded liquibase.diff.compare.DatabaseObjectComparator instance liquibase.diff.compare.core.ColumnComparator
2025-05-21T19:36:56.239-03:00 DEBUG 96558 --- [backend] [           main] liquibase.servicelocator                 : Loaded liquibase.diff.compare.DatabaseObjectComparator instance liquibase.diff.compare.core.DefaultDatabaseObjectComparator
2025-05-21T19:36:56.239-03:00 DEBUG 96558 --- [backend] [           main] liquibase.servicelocator                 : Loaded liquibase.diff.compare.DatabaseObjectComparator instance liquibase.diff.compare.core.ForeignKeyComparator
2025-05-21T19:36:56.239-03:00 DEBUG 96558 --- [backend] [           main] liquibase.servicelocator                 : Loaded liquibase.diff.compare.DatabaseObjectComparator instance liquibase.diff.compare.core.IndexComparator
2025-05-21T19:36:56.239-03:00 DEBUG 96558 --- [backend] [           main] liquibase.servicelocator                 : Loaded liquibase.diff.compare.DatabaseObjectComparator instance liquibase.diff.compare.core.PrimaryKeyComparator
2025-05-21T19:36:56.240-03:00 DEBUG 96558 --- [backend] [           main] liquibase.servicelocator                 : Loaded liquibase.diff.compare.DatabaseObjectComparator instance liquibase.diff.compare.core.SchemaComparator
2025-05-21T19:36:56.240-03:00 DEBUG 96558 --- [backend] [           main] liquibase.servicelocator                 : Loaded liquibase.diff.compare.DatabaseObjectComparator instance liquibase.diff.compare.core.TableComparator
2025-05-21T19:36:56.240-03:00 DEBUG 96558 --- [backend] [           main] liquibase.servicelocator                 : Loaded liquibase.diff.compare.DatabaseObjectComparator instance liquibase.diff.compare.core.UniqueConstraintComparator
2025-05-21T19:36:56.241-03:00 DEBUG 96558 --- [backend] [           main] liquibase.configuration                  : No configuration value for liquibase.includeCatalogInSpecification found
2025-05-21T19:36:56.241-03:00 DEBUG 96558 --- [backend] [           main] liquibase.configuration                  : Configuration liquibase.includeCatalogInSpecification is using the default value of false
2025-05-21T19:36:56.245-03:00 DEBUG 96558 --- [backend] [           main] liquibase.executor                       : Changelog query completed.
2025-05-21T19:36:56.246-03:00  INFO 96558 --- [backend] [           main] liquibase.changelog                      : Reading from public.databasechangelog
2025-05-21T19:36:56.248-03:00 DEBUG 96558 --- [backend] [           main] liquibase.executor                       : Changelog query completed.
2025-05-21T19:36:56.250-03:00 DEBUG 96558 --- [backend] [           main] liquibase.servicelocator                 : Loaded liquibase.lockservice.LockService instance liquibase.lockservice.LockServiceImpl
2025-05-21T19:36:56.250-03:00 DEBUG 96558 --- [backend] [           main] liquibase.servicelocator                 : Loaded liquibase.lockservice.LockService instance liquibase.lockservice.MockLockService
2025-05-21T19:36:56.250-03:00 DEBUG 96558 --- [backend] [           main] liquibase.servicelocator                 : Loaded liquibase.lockservice.LockService instance liquibase.lockservice.OfflineLockService
2025-05-21T19:36:56.250-03:00 DEBUG 96558 --- [backend] [           main] liquibase.servicelocator                 : Loaded liquibase.lockservice.LockService instance liquibase.lockservice.StandardLockService
2025-05-21T19:36:56.252-03:00 DEBUG 96558 --- [backend] [           main] liquibase.executor                       : Changelog query completed.
2025-05-21T19:36:56.253-03:00 DEBUG 96558 --- [backend] [           main] liquibase.configuration                  : No configuration value for liquibase.allowDuplicatedChangesetIdentifiers found
2025-05-21T19:36:56.253-03:00 DEBUG 96558 --- [backend] [           main] liquibase.configuration                  : Configuration liquibase.allowDuplicatedChangesetIdentifiers is using the default value of false
2025-05-21T19:36:56.255-03:00 DEBUG 96558 --- [backend] [           main] liquibase.configuration                  : No configuration value for liquibase.sql.logLevel found
2025-05-21T19:36:56.255-03:00 DEBUG 96558 --- [backend] [           main] liquibase.configuration                  : Configuration liquibase.sql.logLevel is using the default value of FINE
2025-05-21T19:36:56.255-03:00 DEBUG 96558 --- [backend] [           main] liquibase.executor                       : SET SEARCH_PATH TO public, "$user","public"
2025-05-21T19:36:56.255-03:00 DEBUG 96558 --- [backend] [           main] liquibase.executor                       : 0 row(s) affected
2025-05-21T19:36:56.263-03:00 DEBUG 96558 --- [backend] [           main] liquibase.util                           : Computed checksum for createTable:[
    columns=[
        [
            [
                nullable="false"
                primaryKey="true"
            ]
            autoIncrement="true"
            name="id"
            type="bigint"
        ],
        [
            [
                nullable="false"
                unique="true"
            ]
            name="role_name"
            type="varchar(255)"
        ]
    ]
    tableName="roles"
] as 18083811bdd5c429f094d4ae0fd447d4
2025-05-21T19:36:56.266-03:00 DEBUG 96558 --- [backend] [           main] liquibase.util                           : Computed checksum for createTable:[
    columns=[
        [
            [
                nullable="false"
                primaryKey="true"
            ]
            autoIncrement="true"
            name="id"
            type="integer"
        ],
        [
            [
                nullable="false"
            ]
            name="discriminator"
            type="varchar(31)"
        ],
        [
            [
                nullable="false"
            ]
            name="address"
            type="varchar(255)... [truncated in log] as 816c5fa88f705ef57f4cdbca03571929
2025-05-21T19:36:56.267-03:00 DEBUG 96558 --- [backend] [           main] liquibase.util                           : Computed checksum for createTable:[
    columns=[
        [
            [
                nullable="false"
                primaryKey="true"
            ]
            autoIncrement="true"
            name="id"
            type="integer"
        ],
        [
            [
                nullable="false"
            ]
            name="image_data"
            type="bytea"
        ],
        [
            [
                nullable="false"
            ]
            name="inserted_on"
            type="timestamp"
      ... [truncated in log] as e3cc03877131756477b9b70a9436866e
2025-05-21T19:36:56.271-03:00 DEBUG 96558 --- [backend] [           main] liquibase.util                           : Computed checksum for createTable:[
    columns=[
        [
            [
                nullable="false"
                primaryKey="true"
            ]
            autoIncrement="true"
            name="id"
            type="integer"
        ],
        [
            [
                nullable="false"
            ]
            name="discriminator"
            type="varchar(31)"
        ],
        [
            name="refresh_token"
            type="varchar(255)"
        ],
        [
            name="refresh_token_... [truncated in log] as 52f2535ca4a9cd25b0c23cc3ff0cabbd
2025-05-21T19:36:56.272-03:00 DEBUG 96558 --- [backend] [           main] liquibase.util                           : Computed checksum for createTable:[
    columns=[
        [
            [
                nullable="false"
                primaryKey="true"
            ]
            autoIncrement="true"
            name="id"
            type="integer"
        ],
        [
            [
                nullable="false"
            ]
            name="text"
            type="varchar(255)"
        ],
        [
            [
                nullable="false"
            ]
            name="moment"
            type="timestamp"
        ],... [truncated in log] as 0c68d8c1152422c95ffbc25a834c94c3
2025-05-21T19:36:56.273-03:00 DEBUG 96558 --- [backend] [           main] liquibase.util                           : Computed checksum for createTable:[
    columns=[
        [
            [
                foreignKeyName="fk_personality_user"
                nullable="false"
                references="users(id)"
            ]
            name="user_id"
            type="integer"
        ],
        [
            name="personality"
            type="varchar(255)"
        ]
    ]
    tableName="user_personalities"
] as 6b2d03ab3b55ded169910a3ec7fca551
2025-05-21T19:36:56.273-03:00 DEBUG 96558 --- [backend] [           main] liquibase.util                           : Computed checksum for createTable:[
    columns=[
        [
            [
                foreignKeyName="fk_connection_student"
                nullable="false"
                references="users(id)"
            ]
            name="student_id"
            type="integer"
        ],
        [
            [
                foreignKeyName="fk_connection_connected_student"
                nullable="false"
                references="users(id)"
            ]
            name="connected_student_id"
            type="intege... [truncated in log] as aae653ff63fae917c90e4a2e4b2c6f29
2025-05-21T19:36:56.274-03:00 DEBUG 96558 --- [backend] [           main] liquibase.util                           : Computed checksum for createTable:[
    columns=[
        [
            [
                foreignKeyName="fk_second_college_student"
                nullable="false"
                references="users(id)"
            ]
            name="student_id"
            type="integer"
        ],
        [
            [
                foreignKeyName="fk_second_college_college"
                nullable="false"
                references="buildings(id)"
            ]
            name="college_id"
            type="integer"
     ... [truncated in log] as 45cc8610a8eebbb33256dcf715f37317
2025-05-21T19:36:56.274-03:00 DEBUG 96558 --- [backend] [           main] liquibase.util                           : Computed checksum for createTable:[
    columns=[
        [
            [
                foreignKeyName="fk_property_like_student"
                nullable="false"
                references="users(id)"
            ]
            name="student_id"
            type="integer"
        ],
        [
            [
                foreignKeyName="fk_property_like_property"
                nullable="false"
                references="buildings(id)"
            ]
            name="property_id"
            type="integer"
     ... [truncated in log] as fbc82e26980d510479bfc2996a6a751f
2025-05-21T19:36:56.275-03:00 DEBUG 96558 --- [backend] [           main] liquibase.util                           : Computed checksum for createTable:[
    columns=[
        [
            [
                foreignKeyName="fk_notification_user"
                nullable="false"
                references="users(id)"
            ]
            name="user_id"
            type="integer"
        ],
        [
            [
                foreignKeyName="fk_notification_notification"
                nullable="false"
                references="notifications(id)"
            ]
            name="notification_id"
            type="integer"
 ... [truncated in log] as 68e562244f82b0824c995e6838325d18
2025-05-21T19:36:56.275-03:00 DEBUG 96558 --- [backend] [           main] liquibase.util                           : Computed checksum for createTable:[
    columns=[
        [
            [
                foreignKeyName="fk_user_role_user"
                nullable="false"
                references="users(id)"
            ]
            name="user_id"
            type="integer"
        ],
        [
            [
                foreignKeyName="fk_user_role_role"
                nullable="false"
                references="roles(id)"
            ]
            name="role_id"
            type="bigint"
        ]
    ]
    tableName="u... [truncated in log] as 83ac6c70c08723da6a204a906a1c46dc
2025-05-21T19:36:56.275-03:00 DEBUG 96558 --- [backend] [           main] liquibase.util                           : Computed checksum for 9:18083811bdd5c429f094d4ae0fd447d4:9:816c5fa88f705ef57f4cdbca03571929:9:e3cc03877131756477b9b70a9436866e:9:52f2535ca4a9cd25b0c23cc3ff0cabbd:9:0c68d8c1152422c95ffbc25a834c94c3:9:6b2d03ab3b55ded169910a3ec7fca551:9:aae653ff63fae917c90e4a2e4b2c6f29:9:45cc8610a8eebbb33256dcf715f37317:9:fbc82e26980d510479bfc2996a6a751f:9:68e562244f82b0824c995e6838325d18:9:83ac6c70c08723da6a204a906a1c46dc: as 7bb5fc49e236b27d1bbeaacbfa363136
2025-05-21T19:36:56.276-03:00 DEBUG 96558 --- [backend] [           main] liquibase.util                           : Computed checksum for insert:[
    columns=[
        [
            name="role_name"
            value="ROLE_ADMIN"
        ]
    ]
    tableName="roles"
] as 15dbff4cebd9c0cb474d35b258872dbf
2025-05-21T19:36:56.276-03:00 DEBUG 96558 --- [backend] [           main] liquibase.util                           : Computed checksum for insert:[
    columns=[
        [
            name="role_name"
            value="ROLE_OWNER"
        ]
    ]
    tableName="roles"
] as e86be6cb9202529b3f8c116903037af4
2025-05-21T19:36:56.276-03:00 DEBUG 96558 --- [backend] [           main] liquibase.util                           : Computed checksum for insert:[
    columns=[
        [
            name="role_name"
            value="ROLE_STUDENT"
        ]
    ]
    tableName="roles"
] as c5713e32bf3a15a85d1b38afb26c8400
2025-05-21T19:36:56.276-03:00 DEBUG 96558 --- [backend] [           main] liquibase.util                           : Computed checksum for 9:15dbff4cebd9c0cb474d35b258872dbf:9:e86be6cb9202529b3f8c116903037af4:9:c5713e32bf3a15a85d1b38afb26c8400: as 45e22134d372c4867dc2780dfdd43a09
2025-05-21T19:36:56.277-03:00 DEBUG 96558 --- [backend] [           main] liquibase.util                           : Computed checksum for dropTable:[
    tableName="students_connections"
] as 9a42df1adf462266e4b2c3780dfbc391
2025-05-21T19:36:56.278-03:00 DEBUG 96558 --- [backend] [           main] liquibase.util                           : Computed checksum for createTable:[
    columns=[
        [
            [
                nullable="false"
                primaryKey="true"
            ]
            autoIncrement="true"
            name="id"
            type="integer"
        ],
        [
            [
                foreignKeyName="fk_connection_requester"
                nullable="false"
                references="users(id)"
            ]
            name="requester_id"
            type="integer"
        ],
        [
            [
             ... [truncated in log] as d0a4a923467dc43516c127d7e853c2fd
2025-05-21T19:36:56.279-03:00 DEBUG 96558 --- [backend] [           main] liquibase.util                           : Computed checksum for createIndex:[
    columns=[
        [
            name="requester_id"
        ]
    ]
    indexName="idx_student_connections_requester"
    tableName="student_connections"
] as fc50286a19836143b3219b9b18a9348b
2025-05-21T19:36:56.279-03:00 DEBUG 96558 --- [backend] [           main] liquibase.util                           : Computed checksum for createIndex:[
    columns=[
        [
            name="addressee_id"
        ]
    ]
    indexName="idx_student_connections_addressee"
    tableName="student_connections"
] as b9206e63308d2fb65ab0bc1799ab3c8e
2025-05-21T19:36:56.279-03:00 DEBUG 96558 --- [backend] [           main] liquibase.util                           : Computed checksum for createIndex:[
    columns=[
        [
            name="requester_id"
        ],
        [
            name="addressee_id"
        ]
    ]
    indexName="idx_student_connections_pair"
    tableName="student_connections"
] as 87ebf732f7eb50238c78dd737c45ad18
2025-05-21T19:36:56.280-03:00 DEBUG 96558 --- [backend] [           main] liquibase.util                           : Computed checksum for 9:9a42df1adf462266e4b2c3780dfbc391:9:d0a4a923467dc43516c127d7e853c2fd:9:fc50286a19836143b3219b9b18a9348b:9:b9206e63308d2fb65ab0bc1799ab3c8e:9:87ebf732f7eb50238c78dd737c45ad18: as 4ffcf57286d2c49f91e700874416fc79
2025-05-21T19:36:56.280-03:00 DEBUG 96558 --- [backend] [           main] liquibase.command                        : Executing internal command changeExecListener
2025-05-21T19:36:56.280-03:00 DEBUG 96558 --- [backend] [           main] liquibase.command                        : Executing internal command update migrate
2025-05-21T19:36:56.284-03:00 DEBUG 96558 --- [backend] [           main] liquibase.executor                       : SET SEARCH_PATH TO public, "$user","public"
2025-05-21T19:36:56.284-03:00 DEBUG 96558 --- [backend] [           main] liquibase.executor                       : 0 row(s) affected
2025-05-21T19:36:56.284-03:00 DEBUG 96558 --- [backend] [           main] liquibase.command                        : Fast check found no un-run changesets
2025-05-21T19:36:56.284-03:00  INFO 96558 --- [backend] [           main] liquibase.ui                             : Database is up to date, no changesets to execute
2025-05-21T19:36:56.285-03:00  INFO 96558 --- [backend] [           main] liquibase.changelog                      : Reading from public.databasechangelog
2025-05-21T19:36:56.286-03:00 DEBUG 96558 --- [backend] [           main] liquibase.executor                       : Changelog query completed.
2025-05-21T19:36:56.288-03:00 DEBUG 96558 --- [backend] [           main] liquibase.servicelocator                 : Loaded liquibase.report.ShowSummaryGenerator instance liquibase.report.StandardShowSummaryGenerator
2025-05-21T19:36:56.289-03:00  INFO 96558 --- [backend] [           main] liquibase.util                           : UPDATE SUMMARY
2025-05-21T19:36:56.289-03:00  INFO 96558 --- [backend] [           main] liquibase.util                           : Run:                          0
2025-05-21T19:36:56.289-03:00  INFO 96558 --- [backend] [           main] liquibase.util                           : Previously run:               3
2025-05-21T19:36:56.289-03:00  INFO 96558 --- [backend] [           main] liquibase.util                           : Filtered out:                 0
2025-05-21T19:36:56.289-03:00  INFO 96558 --- [backend] [           main] liquibase.util                           : -------------------------------
2025-05-21T19:36:56.289-03:00  INFO 96558 --- [backend] [           main] liquibase.util                           : Total change sets:            3
2025-05-21T19:36:56.289-03:00  INFO 96558 --- [backend] [           main] liquibase.util                           : Update summary generated
2025-05-21T19:36:56.289-03:00 DEBUG 96558 --- [backend] [           main] liquibase.executor                       : Release Database Lock
2025-05-21T19:36:56.290-03:00 DEBUG 96558 --- [backend] [           main] liquibase.executor                       : SET SEARCH_PATH TO public, "$user","public"
2025-05-21T19:36:56.290-03:00 DEBUG 96558 --- [backend] [           main] liquibase.executor                       : 0 row(s) affected
2025-05-21T19:36:56.293-03:00 DEBUG 96558 --- [backend] [           main] liquibase.servicelocator                 : Loaded liquibase.datatype.LiquibaseDataType instance liquibase.datatype.core.BigIntType
2025-05-21T19:36:56.293-03:00 DEBUG 96558 --- [backend] [           main] liquibase.servicelocator                 : Loaded liquibase.datatype.LiquibaseDataType instance liquibase.datatype.core.BlobType
2025-05-21T19:36:56.294-03:00 DEBUG 96558 --- [backend] [           main] liquibase.servicelocator                 : Loaded liquibase.datatype.LiquibaseDataType instance liquibase.datatype.core.BooleanType
2025-05-21T19:36:56.294-03:00 DEBUG 96558 --- [backend] [           main] liquibase.servicelocator                 : Loaded liquibase.datatype.LiquibaseDataType instance liquibase.datatype.core.CharType
2025-05-21T19:36:56.294-03:00 DEBUG 96558 --- [backend] [           main] liquibase.servicelocator                 : Loaded liquibase.datatype.LiquibaseDataType instance liquibase.datatype.core.ClobType
2025-05-21T19:36:56.294-03:00 DEBUG 96558 --- [backend] [           main] liquibase.servicelocator                 : Loaded liquibase.datatype.LiquibaseDataType instance liquibase.datatype.core.CurrencyType
2025-05-21T19:36:56.294-03:00 DEBUG 96558 --- [backend] [           main] liquibase.servicelocator                 : Loaded liquibase.datatype.LiquibaseDataType instance liquibase.datatype.core.DatabaseFunctionType
2025-05-21T19:36:56.295-03:00 DEBUG 96558 --- [backend] [           main] liquibase.servicelocator                 : Loaded liquibase.datatype.LiquibaseDataType instance liquibase.datatype.core.DateTimeType
2025-05-21T19:36:56.295-03:00 DEBUG 96558 --- [backend] [           main] liquibase.servicelocator                 : Loaded liquibase.datatype.LiquibaseDataType instance liquibase.datatype.core.DateType
2025-05-21T19:36:56.295-03:00 DEBUG 96558 --- [backend] [           main] liquibase.servicelocator                 : Loaded liquibase.datatype.LiquibaseDataType instance liquibase.datatype.core.DecimalType
2025-05-21T19:36:56.295-03:00 DEBUG 96558 --- [backend] [           main] liquibase.servicelocator                 : Loaded liquibase.datatype.LiquibaseDataType instance liquibase.datatype.core.DoubleType
2025-05-21T19:36:56.295-03:00 DEBUG 96558 --- [backend] [           main] liquibase.servicelocator                 : Loaded liquibase.datatype.LiquibaseDataType instance liquibase.datatype.core.FloatType
2025-05-21T19:36:56.295-03:00 DEBUG 96558 --- [backend] [           main] liquibase.servicelocator                 : Loaded liquibase.datatype.LiquibaseDataType instance liquibase.datatype.core.IntType
2025-05-21T19:36:56.295-03:00 DEBUG 96558 --- [backend] [           main] liquibase.servicelocator                 : Loaded liquibase.datatype.LiquibaseDataType instance liquibase.datatype.core.MediumIntType
2025-05-21T19:36:56.295-03:00 DEBUG 96558 --- [backend] [           main] liquibase.servicelocator                 : Loaded liquibase.datatype.LiquibaseDataType instance liquibase.datatype.core.NCharType
2025-05-21T19:36:56.296-03:00 DEBUG 96558 --- [backend] [           main] liquibase.servicelocator                 : Loaded liquibase.datatype.LiquibaseDataType instance liquibase.datatype.core.NVarcharType
2025-05-21T19:36:56.296-03:00 DEBUG 96558 --- [backend] [           main] liquibase.servicelocator                 : Loaded liquibase.datatype.LiquibaseDataType instance liquibase.datatype.core.NumberType
2025-05-21T19:36:56.296-03:00 DEBUG 96558 --- [backend] [           main] liquibase.servicelocator                 : Loaded liquibase.datatype.LiquibaseDataType instance liquibase.datatype.core.SmallIntType
2025-05-21T19:36:56.296-03:00 DEBUG 96558 --- [backend] [           main] liquibase.servicelocator                 : Loaded liquibase.datatype.LiquibaseDataType instance liquibase.datatype.core.TimeType
2025-05-21T19:36:56.296-03:00 DEBUG 96558 --- [backend] [           main] liquibase.servicelocator                 : Loaded liquibase.datatype.LiquibaseDataType instance liquibase.datatype.core.TimestampType
2025-05-21T19:36:56.296-03:00 DEBUG 96558 --- [backend] [           main] liquibase.servicelocator                 : Loaded liquibase.datatype.LiquibaseDataType instance liquibase.datatype.core.TinyIntType
2025-05-21T19:36:56.297-03:00 DEBUG 96558 --- [backend] [           main] liquibase.servicelocator                 : Loaded liquibase.datatype.LiquibaseDataType instance liquibase.datatype.core.UUIDType
2025-05-21T19:36:56.297-03:00 DEBUG 96558 --- [backend] [           main] liquibase.servicelocator                 : Loaded liquibase.datatype.LiquibaseDataType instance liquibase.datatype.core.UnknownType
2025-05-21T19:36:56.297-03:00 DEBUG 96558 --- [backend] [           main] liquibase.servicelocator                 : Loaded liquibase.datatype.LiquibaseDataType instance liquibase.datatype.core.VarcharType
2025-05-21T19:36:56.297-03:00 DEBUG 96558 --- [backend] [           main] liquibase.servicelocator                 : Loaded liquibase.datatype.LiquibaseDataType instance liquibase.datatype.core.XMLType
2025-05-21T19:36:56.297-03:00 DEBUG 96558 --- [backend] [           main] liquibase.servicelocator                 : Loaded liquibase.datatype.LiquibaseDataType instance liquibase.datatype.core.TextDataTypeSnowflake
2025-05-21T19:36:56.297-03:00 DEBUG 96558 --- [backend] [           main] liquibase.servicelocator                 : Loaded liquibase.datatype.LiquibaseDataType instance liquibase.datatype.core.TimestampNTZTypeSnowflake
2025-05-21T19:36:56.297-03:00 DEBUG 96558 --- [backend] [           main] liquibase.servicelocator                 : Loaded liquibase.datatype.LiquibaseDataType instance liquibase.datatype.core.DoubleDataTypeSnowflake
2025-05-21T19:36:56.298-03:00 DEBUG 96558 --- [backend] [           main] liquibase.servicelocator                 : Loaded liquibase.datatype.LiquibaseDataType instance liquibase.datatype.core.BinaryTypeSnowflake
2025-05-21T19:36:56.298-03:00 DEBUG 96558 --- [backend] [           main] liquibase.servicelocator                 : Loaded liquibase.datatype.LiquibaseDataType instance liquibase.datatype.core.ClobTypeSnowflake
2025-05-21T19:36:56.300-03:00 DEBUG 96558 --- [backend] [           main] liquibase.executor                       : Changelog query completed.
2025-05-21T19:36:56.301-03:00  INFO 96558 --- [backend] [           main] liquibase.lockservice                    : Successfully released change log lock
2025-05-21T19:36:56.302-03:00  INFO 96558 --- [backend] [           main] liquibase.command                        : Command execution complete
2025-05-21T19:36:56.374-03:00  INFO 96558 --- [backend] [           main] o.hibernate.jpa.internal.util.LogHelper  : HHH000204: Processing PersistenceUnitInfo [name: default]
2025-05-21T19:36:56.404-03:00  INFO 96558 --- [backend] [           main] org.hibernate.Version                    : HHH000412: Hibernate ORM core version 6.5.3.Final
2025-05-21T19:36:56.420-03:00  INFO 96558 --- [backend] [           main] o.h.c.internal.RegionFactoryInitiator    : HHH000026: Second-level cache disabled
2025-05-21T19:36:56.584-03:00  INFO 96558 --- [backend] [           main] o.s.o.j.p.SpringPersistenceUnitInfo      : No LoadTimeWeaver setup: ignoring JPA class transformer
2025-05-21T19:36:56.609-03:00  WARN 96558 --- [backend] [           main] org.hibernate.orm.deprecation            : HHH90000025: PostgreSQLDialect does not need to be specified explicitly using 'hibernate.dialect' (remove the property setting and it will be selected by default)
2025-05-21T19:36:57.268-03:00  INFO 96558 --- [backend] [           main] o.h.e.t.j.p.i.JtaPlatformInitiator       : HHH000489: No JTA platform available (set 'hibernate.transaction.jta.platform' to enable JTA platform integration)
2025-05-21T19:36:57.269-03:00  INFO 96558 --- [backend] [           main] j.LocalContainerEntityManagerFactoryBean : Initialized JPA EntityManagerFactory for persistence unit 'default'
2025-05-21T19:36:57.477-03:00  INFO 96558 --- [backend] [           main] o.s.d.j.r.query.QueryEnhancerFactory     : Hibernate is in classpath; If applicable, HQL parser will be used.
2025-05-21T19:36:57.937-03:00  WARN 96558 --- [backend] [           main] JpaBaseConfiguration$JpaWebConfiguration : spring.jpa.open-in-view is enabled by default. Therefore, database queries may be performed during view rendering. Explicitly configure spring.jpa.open-in-view to disable this warning
2025-05-21T19:36:57.961-03:00  INFO 96558 --- [backend] [           main] eAuthenticationProviderManagerConfigurer : Global AuthenticationManager configured with AuthenticationProvider bean with name authenticationProvider
2025-05-21T19:36:57.961-03:00  WARN 96558 --- [backend] [           main] r$InitializeUserDetailsManagerConfigurer : Global AuthenticationManager configured with an AuthenticationProvider bean. UserDetailsService beans will not be used for username/password login. Consider removing the AuthenticationProvider bean. Alternatively, consider using the UserDetailsService in a manually instantiated DaoAuthenticationProvider.
2025-05-21T19:36:58.345-03:00  INFO 96558 --- [backend] [           main] c.a.backend.BackendApplicationTests      : Started BackendApplicationTests in 3.413 seconds (process running for 4.013)
]]></system-out>
    <system-err><![CDATA[WARNING: A Java agent has been loaded dynamically (/Users/joaoadsistemas/.m2/repository/net/bytebuddy/byte-buddy-agent/1.14.19/byte-buddy-agent-1.14.19.jar)
WARNING: If a serviceability tool is in use, please run with -XX:+EnableDynamicAgentLoading to hide this warning
WARNING: If a serviceability tool is not in use, please run with -Djdk.instrument.traceUsage for more information
WARNING: Dynamic loading of agents will be disallowed by default in a future release
]]></system-err>
  </testcase>
</testsuite>